52 [34492] INFO perfrun.launcher <> - Launcher main begin
59 [34492] INFO perfrun.launcher <> - MessageCatalogInit finished
59 [34492] INFO perfrun.launcher <> - Launcher instance created
59 [34492] INFO perfrun.launcher <> - argc = 7; cmdline = E:\soft\Intel\oneAPI\advisor\latest\bin64\advixe-runss.exe --ui-output-format xml --ui-output-fd 896 --option-file C:\Users\yojik\Desktop\project\N-Body-Simulation\project\build\3_bodies_CPU_FLOPS\e000\hs000\config\runss.options 
73 [34492] INFO perfrun.launcher <> - New signal handler callback was added
132 [34492] INFO perfrun.launcher <> - create msngr2::ICliToolContext
132 [34492] INFO perfrun.launcher <> - create file finder object
132 [34492] INFO perfrun.launcher <> - create a result directory: pattern = C:\Users\yojik\Desktop\project\N-Body-Simulation\project\build\3_bodies_CPU_FLOPS\e000\hs000 pid = 4294967295
144 [34492] INFO perfrun.launcher <> - create data directory = C:\Users\yojik\Desktop\project\N-Body-Simulation\project\build\3_bodies_CPU_FLOPS\e000\hs000\data.0
145 [34492] INFO perfrun.launcher <> - Creating the master collection flag
150 [34492] INFO perfrun.launcher <> - Done creating the master collection flag
150 [36300] INFO perfrun.launcher <> - plugin [remoteplug] was disabled because it doesn't support the given collection type.
151 [36300] INFO perfrun.sdk <> - Allocating TMU :C:\Users\yojik\Desktop\project\N-Body-Simulation\project\build\3_bodies_CPU_FLOPS\e000\hs000\data.0\systemcollector-35404-DESKTOP-G1MRM99.sc
151 [36300] INFO perfrun.launcher <> - plugin [] was disabled because it doesn't support the given collection type.
153 [36300] INFO perfrun.launcher <> - plugin [] was disabled because it doesn't support the given collection type.
153 [36300] INFO perfrun.launcher <> - plugin [gpu] was disabled because it doesn't support the given collection type.
153 [36300] INFO perfrun.launcher <> - plugin [] was disabled because it doesn't support the given collection type.
153 [36300] INFO perfrun.launcher <> - plugin [] was disabled because it doesn't support the given collection type.
153 [36300] INFO perfrun.launcher <> - plugin [] was disabled because it doesn't support the given collection type.
153 [36300] INFO perfrun.mrte <> - system-wide mode is 0
154 [36300] INFO perfrun.mrte <> - Getting  mrte profiling environment ...
182 [36300] INFO perfrun.mrte <> - INTEL_MRTE_DATA_DIR=C:\Users\yojik\Desktop\project\N-Body-Simulation\project\build\3_bodies_CPU_FLOPS\e000\hs000\data.0
182 [36300] INFO perfrun.mrte <> - INTEL_MRTE_HOST_NAME=DESKTOP-G1MRM99
182 [36300] INFO perfrun.mrte <> - JAVA_TOOL_OPTIONS=-agentlib:advixe_samplingmrte_javaprof_1.0
182 [36300] INFO perfrun.mrte <> - PATH=E:\soft\Intel\oneAPI\advisor\latest\bin32\runtime;E:\soft\Intel\oneAPI\advisor\latest\bin64\runtime;C:\Users\yojik\bin;C:\Program Files\Git\mingw64\bin;C:\Program Files\Git\usr\local\bin;C:\Program Files\Git\usr\bin;C:\Program Files\Git\usr\bin;C:\Program Files\Git\mingw64\bin;C:\Program Files\Git\usr\bin;C:\Users\yojik\bin;C:\Program Files\NVIDIA GPU Computing Toolkit\CUDA\v13.2\bin\x64;C:\Program Files\NVIDIA GPU Computing Toolkit\CUDA\v13.2\bin;C:\ProgramData\Oracle\Java\javapath;C:\Program Files (x86)\Common Files\Oracle\Java\javapath;C:\Windows\system32;C:\Windows;C:\Windows\System32\Wbem;C:\Windows\System32\WindowsPowerShell\v1.0;C:\Windows\System32\OpenSSH;C:\Program Files (x86)\NVIDIA Corporation\PhysX\Common;C:\Program Files\NVIDIA Corporation\NVIDIA app\NvDLISR;C:\Program Files\Git\cmd;C:\Program Files\dotnet;C:\Program Files\HDF_Group\HDF5\2.0.0\bin;C:\msys64\mingw64\bin;C:\Program Files\NVIDIA Corporation\Nsight Compute 2026.1.0;C:\Users\yojik\AppData\Local\Programs\Python\Python313\Scripts;C:\Users\yojik\AppData\Local\Programs\Python\Python313;C:\Users\yojik\AppData\Local\Microsoft\WindowsApps;C:\Program Files\JetBrains\PyCharm 2025.2.2\bin;D:\soft\cursor\resources\app\bin;C:\Users\yojik\AppData\Local\spicetify;E:\soft\IntelliJ IDEA 2025.3.4\bin;C:\Program Files\Git\usr\bin\vendor_perl;C:\Program Files\Git\usr\bin\core_perl
182 [36300] INFO perfrun.mrte <> - COR_ENABLE_PROFILING=1
182 [36300] INFO perfrun.mrte <> - COR_PROFILER={10337B79-F6CD-4df9-8D18-26A67272096B}
182 [36300] INFO perfrun.mrte <> - COMPLUS_ProfAPI_ProfilerCompatibilitySetting=EnableV2Profiler
182 [36300] INFO perfrun.mrte <> - CORECLR_ENABLE_PROFILING=1
182 [36300] INFO perfrun.mrte <> - CORECLR_PROFILER={10337B79-F6CD-4df9-8D18-26A67272096B}
182 [36300] INFO perfrun.mrte <> - CORECLR_PROFILER_PATH=E:\soft\Intel\oneAPI\advisor\latest\bin64/advixe_samplingmrte_clrprof_1.0.dll
182 [36300] INFO perfrun.mrte <> - INTEL_MRTE_PROFILER_MODE=mixed
182 [36300] INFO perfrun.mrte <> - Data directory: C:\Users\yojik\Desktop\project\N-Body-Simulation\project\build\3_bodies_CPU_FLOPS\e000\hs000\data.0
182 [36300] INFO perfrun.mrte <> - Mrte plugin is initialized
182 [36300] INFO perfrun.launcher <> - plugin [] was disabled because it doesn't support the given collection type.
182 [36300] INFO perfrun.launcher <> - plugin [] was disabled because it doesn't support the given collection type.
182 [36300] INFO perfrun.launcher <> - plugin [] was disabled because it doesn't support the given collection type.
182 [36300] INFO perfrun.launcher <> - plugin [] was disabled because it doesn't support the given collection type.
182 [36300] INFO perfrun.launcher <> - plugin [] was disabled because it doesn't support the given collection type.
182 [36300] INFO perfrun.launcher <> - plugin [] was disabled because it doesn't support the given collection type.
182 [36300] INFO perfrun.launcher <> - plugin [] was disabled because it doesn't support the given collection type.
182 [36300] INFO perfrun.tpss <> - initialize tpss controller
182 [36300] INFO perfrun.tpss <> - configure collection mode: value = cpu:stack
182 [36300] INFO perfrun.tpss <> - default obj-size-min=1024
182 [36300] INFO perfrun.tpss <> - default hash-table-size=0
182 [36300] INFO perfrun.launcher <> - plugin [] was disabled because it doesn't support the given collection type.
182 [36300] INFO perfrun.launcher <> - plugin [] was disabled because it doesn't support the given collection type.
182 [36300] INFO perfrun.launcher <> - plugin [] was disabled because it doesn't support the given collection type.
182 [36300] INFO perfrun.launcher <> - plugin [] was disabled because it doesn't support the given collection type.
182 [36300] INFO perfrun.launcher <> - plugin [] was disabled because it doesn't support the given collection type.
182 [36300] INFO perfrun.launcher <> - plugin [] was disabled because it doesn't support the given collection type.
182 [36300] INFO perfrun.launcher <> - plugin [] was disabled because it doesn't support the given collection type.
182 [36300] INFO perfrun.launcher <> - plugin [] was disabled because it doesn't support the given collection type.
182 [36300] INFO perfrun.launcher <> - plugin [] was disabled because it doesn't support the given collection type.
182 [36300] INFO perfrun.launcher <> - plugin [] was disabled because it doesn't support the given collection type.
183 [34492] INFO perfrun.launcher <> - set environment variable: PATH = E:\soft\Intel\oneAPI\advisor\latest\bin32\runtime;E:\soft\Intel\oneAPI\advisor\latest\bin64\runtime;C:\Users\yojik\bin;C:\Program Files\Git\mingw64\bin;C:\Program Files\Git\usr\local\bin;C:\Program Files\Git\usr\bin;C:\Program Files\Git\usr\bin;C:\Program Files\Git\mingw64\bin;C:\Program Files\Git\usr\bin;C:\Users\yojik\bin;C:\Program Files\NVIDIA GPU Computing Toolkit\CUDA\v13.2\bin\x64;C:\Program Files\NVIDIA GPU Computing Toolkit\CUDA\v13.2\bin;C:\ProgramData\Oracle\Java\javapath;C:\Program Files (x86)\Common Files\Oracle\Java\javapath;C:\Windows\system32;C:\Windows;C:\Windows\System32\Wbem;C:\Windows\System32\WindowsPowerShell\v1.0;C:\Windows\System32\OpenSSH;C:\Program Files (x86)\NVIDIA Corporation\PhysX\Common;C:\Program Files\NVIDIA Corporation\NVIDIA app\NvDLISR;C:\Program Files\Git\cmd;C:\Program Files\dotnet;C:\Program Files\HDF_Group\HDF5\2.0.0\bin;C:\msys64\mingw64\bin;C:\Program Files\NVIDIA Corporation\Nsight Compute 2026.1.0;C:\Users\yojik\AppData\Local\Programs\Python\Python313\Scripts;C:\Users\yojik\AppData\Local\Programs\Python\Python313;C:\Users\yojik\AppData\Local\Microsoft\WindowsApps;C:\Program Files\JetBrains\PyCharm 2025.2.2\bin;D:\soft\cursor\resources\app\bin;C:\Users\yojik\AppData\Local\spicetify;E:\soft\IntelliJ IDEA 2025.3.4\bin;C:\Program Files\Git\usr\bin\vendor_perl;C:\Program Files\Git\usr\bin\core_perl
183 [34492] INFO perfrun.launcher <> - set environment variable: INTEL_LIBITTNOTIFY32 = E:\soft\Intel\oneAPI\advisor\latest\bin32\runtime\ittnotify_collector.dll
183 [34492] INFO perfrun.launcher <> - set environment variable: INTEL_LIBITTNOTIFY64 = E:\soft\Intel\oneAPI\advisor\latest\bin64\runtime\ittnotify_collector.dll
183 [34492] INFO perfrun.launcher <> - set environment variable: INTEL_ITTNOTIFY_GROUPS = 
183 [34492] INFO perfrun.launcher <> - set environment variable: INTEL_JIT_PROFILER32 = E:\soft\Intel\oneAPI\advisor\latest\bin32\runtime\ittnotify_collector.dll
184 [34492] INFO perfrun.launcher <> - set environment variable: INTEL_JIT_PROFILER64 = E:\soft\Intel\oneAPI\advisor\latest\bin64\runtime\ittnotify_collector.dll
184 [34492] INFO perfrun.launcher <> - set environment variable: CCL_ITT_LEVEL = 1
184 [34492] INFO perfrun.launcher <> - set environment variable: ENABLE_JITPROFILING = 1
184 [34492] INFO perfrun.launcher <> - set environment variable: CL_CONFIG_USE_VTUNE = True
184 [34492] INFO perfrun.launcher <> - set environment variable: KMP_FORKJOIN_FRAMES = 0
184 [34492] INFO perfrun.launcher <> - set environment variable: KMP_FORKJOIN_FRAMES_MODE = 0
184 [34492] INFO perfrun.launcher <> - set environment variable: INTEL_MRTE_DATA_DIR = C:\Users\yojik\Desktop\project\N-Body-Simulation\project\build\3_bodies_CPU_FLOPS\e000\hs000\data.0
184 [34492] INFO perfrun.launcher <> - set environment variable: INTEL_MRTE_HOST_NAME = DESKTOP-G1MRM99
184 [34492] INFO perfrun.launcher <> - set environment variable: JAVA_TOOL_OPTIONS = -agentlib:advixe_samplingmrte_javaprof_1.0
184 [34492] INFO perfrun.launcher <> - set environment variable: PATH = E:\soft\Intel\oneAPI\advisor\latest\bin32\runtime;E:\soft\Intel\oneAPI\advisor\latest\bin64\runtime;C:\Users\yojik\bin;C:\Program Files\Git\mingw64\bin;C:\Program Files\Git\usr\local\bin;C:\Program Files\Git\usr\bin;C:\Program Files\Git\usr\bin;C:\Program Files\Git\mingw64\bin;C:\Program Files\Git\usr\bin;C:\Users\yojik\bin;C:\Program Files\NVIDIA GPU Computing Toolkit\CUDA\v13.2\bin\x64;C:\Program Files\NVIDIA GPU Computing Toolkit\CUDA\v13.2\bin;C:\ProgramData\Oracle\Java\javapath;C:\Program Files (x86)\Common Files\Oracle\Java\javapath;C:\Windows\system32;C:\Windows;C:\Windows\System32\Wbem;C:\Windows\System32\WindowsPowerShell\v1.0;C:\Windows\System32\OpenSSH;C:\Program Files (x86)\NVIDIA Corporation\PhysX\Common;C:\Program Files\NVIDIA Corporation\NVIDIA app\NvDLISR;C:\Program Files\Git\cmd;C:\Program Files\dotnet;C:\Program Files\HDF_Group\HDF5\2.0.0\bin;C:\msys64\mingw64\bin;C:\Program Files\NVIDIA Corporation\Nsight Compute 2026.1.0;C:\Users\yojik\AppData\Local\Programs\Python\Python313\Scripts;C:\Users\yojik\AppData\Local\Programs\Python\Python313;C:\Users\yojik\AppData\Local\Microsoft\WindowsApps;C:\Program Files\JetBrains\PyCharm 2025.2.2\bin;D:\soft\cursor\resources\app\bin;C:\Users\yojik\AppData\Local\spicetify;E:\soft\IntelliJ IDEA 2025.3.4\bin;C:\Program Files\Git\usr\bin\vendor_perl;C:\Program Files\Git\usr\bin\core_perl
184 [34492] INFO perfrun.launcher <> - set environment variable: COR_ENABLE_PROFILING = 1
184 [34492] INFO perfrun.launcher <> - set environment variable: COR_PROFILER = {10337B79-F6CD-4df9-8D18-26A67272096B}
184 [34492] INFO perfrun.launcher <> - set environment variable: COMPLUS_ProfAPI_ProfilerCompatibilitySetting = EnableV2Profiler
185 [34492] INFO perfrun.launcher <> - set environment variable: CORECLR_ENABLE_PROFILING = 1
185 [34492] INFO perfrun.launcher <> - set environment variable: CORECLR_PROFILER = {10337B79-F6CD-4df9-8D18-26A67272096B}
185 [34492] INFO perfrun.launcher <> - set environment variable: CORECLR_PROFILER_PATH = E:\soft\Intel\oneAPI\advisor\latest\bin64/advixe_samplingmrte_clrprof_1.0.dll
185 [34492] INFO perfrun.launcher <> - set environment variable: INTEL_MRTE_PROFILER_MODE = mixed
185 [34492] INFO perfrun.launcher <> - RpcServer: run RPC server to handle requests
204 [34492] INFO perfrun.sdk <> - IProcessUtil: the given executable './Simulate.exe' is valid.
205 [34492] INFO perfrun.launcher <> - Launcher: command line to start before modification = ./Simulate.exe
208 [34492] INFO perfrun.launcher <> - Launcher: command line to start after modification = E:\soft\Intel\oneAPI\advisor\2025.5\bin64\pin.exe -error_file C:\Users\yojik\Desktop\project\N-Body-Simulation\project\build\3_bodies_CPU_FLOPS\e000\hs000\data.0\pinerr.tpsslog -detach_reattach -probe -follow_execv -p32 E:\soft\Intel\oneAPI\advisor\latest\bin32\pin.exe -p64 E:\soft\Intel\oneAPI\advisor\latest\bin64\pin.exe -t64 E:\soft\Intel\oneAPI\advisor\latest\bin64\tpsstool.dll -t E:\soft\Intel\oneAPI\advisor\latest\bin32\tpsstool.dll -server_name tpss_ipc.35404 -prd_dir E:\soft\Intel\oneAPI\advisor\2025.5 -- ./Simulate.exe
208 [34492] INFO perfrun.launcher <> - ProcessCreator object was created
214 [34492] INFO perfrun.launcher <> - Launcher: the process was started in suspend mode
216 [36300] INFO perfrun.itt <> - start itt controller for pid #29400
217 [36300] INFO perfrun.tpss <> - start tpss controller for pid #29400
272 [34492] INFO perfrun.launcher <> - Launcher: all plugins were started
272 [34492] INFO perfrun.launcher <> - DirectoryMonitor object was created
273 [34492] INFO perfrun.launcher <> - DirectoryMonitor: a callback was added
273 [34492] INFO perfrun.launcher <> - DirectoryMonitor was started with pingTime = 1000
273 [34492] INFO perfrun.launcher <> - DeadlineTimer is going to be constructed
273 [34492] INFO perfrun.launcher <> - DeadlineTimer: a callback was added
279 [34492] INFO perfrun.launcher <> - Launcher: resume the profiled application and  wait its termination or stop command
42653 [34492] INFO perfrun.launcher <> - Launcher: the profiled application was terminated  with exit code = 0
42673 [36300] INFO perfrun.itt <> - detach itt controller
42673 [36300] INFO perfrun.itt <> - detach itt controller done
42673 [36300] INFO perfrun.tpss <> - stop tpss controller
42674 [36300] INFO perfrun.sdk <> - De-allocating TMU: C:\Users\yojik\Desktop\project\N-Body-Simulation\project\build\3_bodies_CPU_FLOPS\e000\hs000\data.0\systemcollector-35404-DESKTOP-G1MRM99.sc
42691 [36300] INFO perfrun.system <> - closed the system trace file: C:\Users\yojik\Desktop\project\N-Body-Simulation\project\build\3_bodies_CPU_FLOPS\e000\hs000\data.0\systemcollector-35404-DESKTOP-G1MRM99.sc
42692 [34492] INFO perfrun.launcher <> - Launcher: all plugins were stopped.
42692 [34492] INFO perfrun.launcher <> - DeadlineTimer is going to be destroyed
42692 [34492] INFO perfrun.launcher <> - DeadlineTimer was destroyed
42692 [34492] INFO perfrun.launcher <> - DirectoryMonitor object was destroyed
42692 [34492] WARN perfrun.launcher <> - Stop command is ignored because it is received when collection is already stopped, at file: vcs\perfrun1\launcher\src\command_handler.cpp:226
42693 [34492] INFO perfrun.launcher <> - Application exit code: 0
42693 [34492] INFO perfrun.launcher <> - Exit code: 0
