<?xml version="1.0" encoding="utf-8" ?>
<!-- DO NOT EDIT THIS FILE -->

<log version='2.0' source='trc'>
	<msg id='1' display='false' source='trc'>
		<type>PROCESS_START</type>
		<severity>INFO</severity>
		<timestamp>Tue Apr 14 03:36:47 2026</timestamp>
		<arg name='process'>C:\Users\yojik\Desktop\project\N-Body-Simulation\project\build\Simulate.exe</arg>
		<arg name='pid'>21612</arg>
	</msg>
	<!-- Instrumentation filter's state:
    Patterns applicability:
        Generic loop pattern.....................: disabled
        Generic loop pattern (with dynamic jumps): disabled
        Known trip value loop pattern............: disabled
        Runtime final value loop pattern.........: disabled
        No initial IV loop pattern...............: disabled
        IV step only loop pattern................: disabled
        No entry loop pattern....................: disabled
    Clustered memory model (CMM) applicability:
        Generic loop pattern.....................: enabled
        Generic loop pattern (with dynamic jumps): enabled
        Known trip value loop pattern............: enabled
        Runtime final value loop pattern.........: enabled
        No initial IV loop pattern...............: enabled
        IV step only loop pattern................: enabled
        No entry loop pattern....................: disabled
 -->
	<!-- Callstack mode:
    filter modules.........: true
    filter routines........: true
    count loops............: false
    count flops............: false
    trace..................: false
    extended trace.........: false
    omp trace..............: false
    jit trace..............: false
    failures trace.........: false
    dump raw...............: false
    dump final.............: false
    dump all...............: false
    stack stitching........: true
    stl profiling..........: true
    aggressive frame switch: true
    unwind frame exit......: true
    analyze child loops....: true
 -->
	<!-- Managed application profiling: -->
	<!-- 	State...................: enabled -->
	<!-- GPU Profiling: -->
	<!-- 	State    : disabled -->
	<!-- 	Filter   : * -->
	<!-- 	GPUs     : none -->
	<!-- 	Options  :  -->
	<!-- 	Instances:  -->
	<!-- 	Matching : strict -->
	<msg id='2' display='false' source='trc'>
		<type>PROCESS_ANALYSIS_MODE</type>
		<severity>INFO</severity>
		<timestamp>Tue Apr 14 03:36:47 2026</timestamp>
		<arg name='mode'>full</arg>
	</msg>
	<!-- Update image info for [1:0x7FF6B4BA0000:YN] C:\Users\yojik\Desktop\project\N-Body-Simulation\project\build\Simulate.exe -->
	<msg id='3' display='false' source='trc'>
		<type>LOAD_MODULE</type>
		<severity>INFO</severity>
		<timestamp>Tue Apr 14 03:36:47 2026</timestamp>
		<arg name='module'>C:\Users\yojik\Desktop\project\N-Body-Simulation\project\build\Simulate.exe</arg>
		<arg name='basement'>0x7ff6b4ba0000</arg>
		<arg name='ceiling'>0x7ff6b4c86fff</arg>
		<arg name='symtab'>yes</arg>
	</msg>
	<!-- Instrumenting image: id = 1, name = C:\Users\yojik\Desktop\project\N-Body-Simulation\project\build\Simulate.exe -->
	<!-- Update image info for [2:0x7FF9C4600000:YN] C:\Windows\System32\KERNELBASE.dll -->
	<msg id='4' display='false' source='trc'>
		<type>LOAD_MODULE</type>
		<severity>INFO</severity>
		<timestamp>Tue Apr 14 03:36:47 2026</timestamp>
		<arg name='module'>C:\Windows\System32\KERNELBASE.dll</arg>
		<arg name='basement'>0x7ff9c4600000</arg>
		<arg name='ceiling'>0x7ff9c48f5fff</arg>
		<arg name='symtab'>yes</arg>
	</msg>
	<!-- Instrumentation of C:\Windows\System32\KERNELBASE.dll image skipped because of filter conditions. -->
	<!-- Update image info for [3:0x7FF9C64B0000:YN] C:\Windows\System32\KERNEL32.DLL -->
	<msg id='5' display='false' source='trc'>
		<type>LOAD_MODULE</type>
		<severity>INFO</severity>
		<timestamp>Tue Apr 14 03:36:47 2026</timestamp>
		<arg name='module'>C:\Windows\System32\KERNEL32.DLL</arg>
		<arg name='basement'>0x7ff9c64b0000</arg>
		<arg name='ceiling'>0x7ff9c6571fff</arg>
		<arg name='symtab'>yes</arg>
	</msg>
	<!-- Instrumentation of C:\Windows\System32\KERNEL32.DLL image skipped because of filter conditions. -->
	<!-- NtDelayExecution was replaced in ntdll.dll -->
	<!-- Update image info for [4:0x7FF9C6EF0000:YN] C:\Windows\SYSTEM32\ntdll.dll -->
	<msg id='6' display='false' source='trc'>
		<type>LOAD_MODULE</type>
		<severity>INFO</severity>
		<timestamp>Tue Apr 14 03:36:47 2026</timestamp>
		<arg name='module'>C:\Windows\SYSTEM32\ntdll.dll</arg>
		<arg name='basement'>0x7ff9c6ef0000</arg>
		<arg name='ceiling'>0x7ff9c70e7fff</arg>
		<arg name='symtab'>yes</arg>
	</msg>
	<!-- Instrumentation of C:\Windows\SYSTEM32\ntdll.dll image skipped because of filter conditions. -->
	<!-- Update image info for [5:0x7FF9374D0000:YN] C:\Users\yojik\Desktop\project\N-Body-Simulation\project\build\hdf5_cpp.dll -->
	<msg id='7' display='false' source='trc'>
		<type>LOAD_MODULE</type>
		<severity>INFO</severity>
		<timestamp>Tue Apr 14 03:36:47 2026</timestamp>
		<arg name='module'>C:\Users\yojik\Desktop\project\N-Body-Simulation\project\build\hdf5_cpp.dll</arg>
		<arg name='basement'>0x7ff9374d0000</arg>
		<arg name='ceiling'>0x7ff93751dfff</arg>
		<arg name='symtab'>yes</arg>
	</msg>
	<!-- Instrumentation of C:\Users\yojik\Desktop\project\N-Body-Simulation\project\build\hdf5_cpp.dll image skipped because of filter conditions [cs-mode]. -->
	<!-- Update image info for [6:0x7FF9464F0000:YN] C:\Windows\SYSTEM32\OPENGL32.dll -->
	<msg id='8' display='false' source='trc'>
		<type>LOAD_MODULE</type>
		<severity>INFO</severity>
		<timestamp>Tue Apr 14 03:36:47 2026</timestamp>
		<arg name='module'>C:\Windows\SYSTEM32\OPENGL32.dll</arg>
		<arg name='basement'>0x7ff9464f0000</arg>
		<arg name='ceiling'>0x7ff946617fff</arg>
		<arg name='symtab'>yes</arg>
	</msg>
	<!-- Instrumentation of C:\Windows\SYSTEM32\OPENGL32.dll image skipped because of filter conditions. -->
	<!-- Update image info for [7:0x7FF937440000:YN] C:\Users\yojik\Desktop\project\N-Body-Simulation\project\build\glew32.dll -->
	<msg id='9' display='false' source='trc'>
		<type>LOAD_MODULE</type>
		<severity>INFO</severity>
		<timestamp>Tue Apr 14 03:36:47 2026</timestamp>
		<arg name='module'>C:\Users\yojik\Desktop\project\N-Body-Simulation\project\build\glew32.dll</arg>
		<arg name='basement'>0x7ff937440000</arg>
		<arg name='ceiling'>0x7ff9374c5fff</arg>
		<arg name='symtab'>yes</arg>
	</msg>
	<!-- Instrumentation of C:\Users\yojik\Desktop\project\N-Body-Simulation\project\build\glew32.dll image skipped because of filter conditions [cs-mode]. -->
	<!-- Update image info for [8:0x7FF9C4900000:YN] C:\Windows\System32\ucrtbase.dll -->
	<msg id='10' display='false' source='trc'>
		<type>LOAD_MODULE</type>
		<severity>INFO</severity>
		<timestamp>Tue Apr 14 03:36:47 2026</timestamp>
		<arg name='module'>C:\Windows\System32\ucrtbase.dll</arg>
		<arg name='basement'>0x7ff9c4900000</arg>
		<arg name='ceiling'>0x7ff9c49fffff</arg>
		<arg name='symtab'>yes</arg>
	</msg>
	<!-- Instrumentation of C:\Windows\System32\ucrtbase.dll image skipped because of filter conditions. -->
	<!-- Update image info for [9:0x7FF9C6CB0000:YN] C:\Windows\System32\msvcrt.dll -->
	<msg id='11' display='false' source='trc'>
		<type>LOAD_MODULE</type>
		<severity>INFO</severity>
		<timestamp>Tue Apr 14 03:36:47 2026</timestamp>
		<arg name='module'>C:\Windows\System32\msvcrt.dll</arg>
		<arg name='basement'>0x7ff9c6cb0000</arg>
		<arg name='ceiling'>0x7ff9c6d4dfff</arg>
		<arg name='symtab'>yes</arg>
	</msg>
	<!-- Instrumentation of C:\Windows\System32\msvcrt.dll image skipped because of filter conditions [cs-mode]. -->
	<!-- Update image info for [10:0x7FF9C5130000:YN] C:\Windows\System32\ADVAPI32.dll -->
	<msg id='12' display='false' source='trc'>
		<type>LOAD_MODULE</type>
		<severity>INFO</severity>
		<timestamp>Tue Apr 14 03:36:47 2026</timestamp>
		<arg name='module'>C:\Windows\System32\ADVAPI32.dll</arg>
		<arg name='basement'>0x7ff9c5130000</arg>
		<arg name='ceiling'>0x7ff9c51e0fff</arg>
		<arg name='symtab'>yes</arg>
	</msg>
	<!-- Instrumentation of C:\Windows\System32\ADVAPI32.dll image skipped because of filter conditions [cs-mode]. -->
	<!-- Update image info for [11:0x7FF9411E0000:YN] C:\Users\yojik\Desktop\project\N-Body-Simulation\project\build\glfw3.dll -->
	<msg id='13' display='false' source='trc'>
		<type>LOAD_MODULE</type>
		<severity>INFO</severity>
		<timestamp>Tue Apr 14 03:36:47 2026</timestamp>
		<arg name='module'>C:\Users\yojik\Desktop\project\N-Body-Simulation\project\build\glfw3.dll</arg>
		<arg name='basement'>0x7ff9411e0000</arg>
		<arg name='ceiling'>0x7ff94121ffff</arg>
		<arg name='symtab'>yes</arg>
	</msg>
	<!-- Instrumenting image: id = 11, name = C:\Users\yojik\Desktop\project\N-Body-Simulation\project\build\glfw3.dll -->
	<!-- Update image info for [12:0x7FF9C6580000:YN] C:\Windows\System32\sechost.dll -->
	<msg id='14' display='false' source='trc'>
		<type>LOAD_MODULE</type>
		<severity>INFO</severity>
		<timestamp>Tue Apr 14 03:36:47 2026</timestamp>
		<arg name='module'>C:\Windows\System32\sechost.dll</arg>
		<arg name='basement'>0x7ff9c6580000</arg>
		<arg name='ceiling'>0x7ff9c661efff</arg>
		<arg name='symtab'>yes</arg>
	</msg>
	<!-- Instrumentation of C:\Windows\System32\sechost.dll image skipped because of filter conditions [cs-mode]. -->
	<!-- Update image info for [13:0x7FF9C5960000:YN] C:\Windows\System32\RPCRT4.dll -->
	<msg id='15' display='false' source='trc'>
		<type>LOAD_MODULE</type>
		<severity>INFO</severity>
		<timestamp>Tue Apr 14 03:36:47 2026</timestamp>
		<arg name='module'>C:\Windows\System32\RPCRT4.dll</arg>
		<arg name='basement'>0x7ff9c5960000</arg>
		<arg name='ceiling'>0x7ff9c5a7ffff</arg>
		<arg name='symtab'>yes</arg>
	</msg>
	<!-- Instrumentation of C:\Windows\System32\RPCRT4.dll image skipped because of filter conditions [cs-mode]. -->
	<!-- Update image info for [14:0x7FF9C4E30000:YN] C:\Windows\System32\bcrypt.dll -->
	<msg id='16' display='false' source='trc'>
		<type>LOAD_MODULE</type>
		<severity>INFO</severity>
		<timestamp>Tue Apr 14 03:36:47 2026</timestamp>
		<arg name='module'>C:\Windows\System32\bcrypt.dll</arg>
		<arg name='basement'>0x7ff9c4e30000</arg>
		<arg name='ceiling'>0x7ff9c4e56fff</arg>
		<arg name='symtab'>yes</arg>
	</msg>
	<!-- Instrumentation of C:\Windows\System32\bcrypt.dll image skipped because of filter conditions [cs-mode]. -->
	<!-- Update image info for [15:0x7FF9C6B00000:YN] C:\Windows\System32\USER32.dll -->
	<msg id='17' display='false' source='trc'>
		<type>LOAD_MODULE</type>
		<severity>INFO</severity>
		<timestamp>Tue Apr 14 03:36:47 2026</timestamp>
		<arg name='module'>C:\Windows\System32\USER32.dll</arg>
		<arg name='basement'>0x7ff9c6b00000</arg>
		<arg name='ceiling'>0x7ff9c6ca0fff</arg>
		<arg name='symtab'>yes</arg>
	</msg>
	<!-- Instrumentation of C:\Windows\System32\USER32.dll image skipped because of filter conditions. -->
	<!-- Update image info for [16:0x7FF9C4B80000:YN] C:\Windows\System32\win32u.dll -->
	<msg id='18' display='false' source='trc'>
		<type>LOAD_MODULE</type>
		<severity>INFO</severity>
		<timestamp>Tue Apr 14 03:36:47 2026</timestamp>
		<arg name='module'>C:\Windows\System32\win32u.dll</arg>
		<arg name='basement'>0x7ff9c4b80000</arg>
		<arg name='ceiling'>0x7ff9c4ba1fff</arg>
		<arg name='symtab'>yes</arg>
	</msg>
	<!-- Instrumentation of C:\Windows\System32\win32u.dll image skipped because of filter conditions [cs-mode]. -->
	<!-- Update image info for [17:0x7FF9C5060000:YN] C:\Windows\System32\GDI32.dll -->
	<msg id='19' display='false' source='trc'>
		<type>LOAD_MODULE</type>
		<severity>INFO</severity>
		<timestamp>Tue Apr 14 03:36:47 2026</timestamp>
		<arg name='module'>C:\Windows\System32\GDI32.dll</arg>
		<arg name='basement'>0x7ff9c5060000</arg>
		<arg name='ceiling'>0x7ff9c508afff</arg>
		<arg name='symtab'>yes</arg>
	</msg>
	<!-- Instrumentation of C:\Windows\System32\GDI32.dll image skipped because of filter conditions [cs-mode]. -->
	<!-- Update image info for [18:0x7FF9A0B90000:YN] C:\Windows\SYSTEM32\MSVCP140.dll -->
	<msg id='20' display='false' source='trc'>
		<type>LOAD_MODULE</type>
		<severity>INFO</severity>
		<timestamp>Tue Apr 14 03:36:47 2026</timestamp>
		<arg name='module'>C:\Windows\SYSTEM32\MSVCP140.dll</arg>
		<arg name='basement'>0x7ff9a0b90000</arg>
		<arg name='ceiling'>0x7ff9a0c17fff</arg>
		<arg name='symtab'>yes</arg>
	</msg>
	<!-- Instrumentation of C:\Windows\SYSTEM32\MSVCP140.dll image skipped because of filter conditions. -->
	<!-- Update image info for [19:0x7FF9A0B70000:YN] C:\Windows\SYSTEM32\VCRUNTIME140.dll -->
	<msg id='21' display='false' source='trc'>
		<type>LOAD_MODULE</type>
		<severity>INFO</severity>
		<timestamp>Tue Apr 14 03:36:47 2026</timestamp>
		<arg name='module'>C:\Windows\SYSTEM32\VCRUNTIME140.dll</arg>
		<arg name='basement'>0x7ff9a0b70000</arg>
		<arg name='ceiling'>0x7ff9a0b8dfff</arg>
		<arg name='symtab'>yes</arg>
	</msg>
	<!-- Instrumentation of C:\Windows\SYSTEM32\VCRUNTIME140.dll image skipped because of filter conditions [cs-mode]. -->
	<!-- Update image info for [20:0x7FF9C5250000:YN] C:\Windows\System32\combase.dll -->
	<msg id='22' display='false' source='trc'>
		<type>LOAD_MODULE</type>
		<severity>INFO</severity>
		<timestamp>Tue Apr 14 03:36:47 2026</timestamp>
		<arg name='module'>C:\Windows\System32\combase.dll</arg>
		<arg name='basement'>0x7ff9c5250000</arg>
		<arg name='ceiling'>0x7ff9c55a3fff</arg>
		<arg name='symtab'>yes</arg>
	</msg>
	<!-- Instrumentation of C:\Windows\System32\combase.dll image skipped because of filter conditions [cs-mode]. -->
	<!-- Update image info for [21:0x7FF9C4D10000:YN] C:\Windows\System32\gdi32full.dll -->
	<msg id='23' display='false' source='trc'>
		<type>LOAD_MODULE</type>
		<severity>INFO</severity>
		<timestamp>Tue Apr 14 03:36:47 2026</timestamp>
		<arg name='module'>C:\Windows\System32\gdi32full.dll</arg>
		<arg name='basement'>0x7ff9c4d10000</arg>
		<arg name='ceiling'>0x7ff9c4e28fff</arg>
		<arg name='symtab'>yes</arg>
	</msg>
	<!-- Instrumentation of C:\Windows\System32\gdi32full.dll image skipped because of filter conditions [cs-mode]. -->
	<!-- Update image info for [22:0x7FF9A0E30000:YN] C:\Windows\SYSTEM32\VCRUNTIME140_1.dll -->
	<msg id='24' display='false' source='trc'>
		<type>LOAD_MODULE</type>
		<severity>INFO</severity>
		<timestamp>Tue Apr 14 03:36:47 2026</timestamp>
		<arg name='module'>C:\Windows\SYSTEM32\VCRUNTIME140_1.dll</arg>
		<arg name='basement'>0x7ff9a0e30000</arg>
		<arg name='ceiling'>0x7ff9a0e3afff</arg>
		<arg name='symtab'>yes</arg>
	</msg>
	<!-- Instrumentation of C:\Windows\SYSTEM32\VCRUNTIME140_1.dll image skipped because of filter conditions [cs-mode]. -->
	<!-- Update image info for [23:0x7FF9C4A90000:YN] C:\Windows\System32\msvcp_win.dll -->
	<msg id='25' display='false' source='trc'>
		<type>LOAD_MODULE</type>
		<severity>INFO</severity>
		<timestamp>Tue Apr 14 03:36:47 2026</timestamp>
		<arg name='module'>C:\Windows\System32\msvcp_win.dll</arg>
		<arg name='basement'>0x7ff9c4a90000</arg>
		<arg name='ceiling'>0x7ff9c4b2cfff</arg>
		<arg name='symtab'>yes</arg>
	</msg>
	<!-- Instrumentation of C:\Windows\System32\msvcp_win.dll image skipped because of filter conditions [cs-mode]. -->
	<!-- Update image info for [24:0x7FF9C5AA0000:YN] C:\Windows\System32\SHELL32.dll -->
	<msg id='26' display='false' source='trc'>
		<type>LOAD_MODULE</type>
		<severity>INFO</severity>
		<timestamp>Tue Apr 14 03:36:47 2026</timestamp>
		<arg name='module'>C:\Windows\System32\SHELL32.dll</arg>
		<arg name='basement'>0x7ff9c5aa0000</arg>
		<arg name='ceiling'>0x7ff9c620ffff</arg>
		<arg name='symtab'>yes</arg>
	</msg>
	<!-- Instrumentation of C:\Windows\System32\SHELL32.dll image skipped because of filter conditions [cs-mode]. -->
	<!-- Update image info for [25:0x7FF937040000:YN] C:\Users\yojik\Desktop\project\N-Body-Simulation\project\build\hdf5.dll -->
	<msg id='27' display='false' source='trc'>
		<type>LOAD_MODULE</type>
		<severity>INFO</severity>
		<timestamp>Tue Apr 14 03:36:48 2026</timestamp>
		<arg name='module'>C:\Users\yojik\Desktop\project\N-Body-Simulation\project\build\hdf5.dll</arg>
		<arg name='basement'>0x7ff937040000</arg>
		<arg name='ceiling'>0x7ff93743efff</arg>
		<arg name='symtab'>yes</arg>
	</msg>
	<!-- Instrumentation of C:\Users\yojik\Desktop\project\N-Body-Simulation\project\build\hdf5.dll image skipped because of filter conditions [cs-mode]. -->
	<!-- Update image info for [26:0x7FF9C6210000:YN] C:\Windows\System32\SHLWAPI.dll -->
	<msg id='28' display='false' source='trc'>
		<type>LOAD_MODULE</type>
		<severity>INFO</severity>
		<timestamp>Tue Apr 14 03:36:48 2026</timestamp>
		<arg name='module'>C:\Windows\System32\SHLWAPI.dll</arg>
		<arg name='basement'>0x7ff9c6210000</arg>
		<arg name='ceiling'>0x7ff9c626afff</arg>
		<arg name='symtab'>yes</arg>
	</msg>
	<!-- Instrumentation of C:\Windows\System32\SHLWAPI.dll image skipped because of filter conditions [cs-mode]. -->
	<!-- Update image info for [27:0x7FF964190000:YN] C:\Windows\SYSTEM32\GLU32.dll -->
	<msg id='29' display='false' source='trc'>
		<type>LOAD_MODULE</type>
		<severity>INFO</severity>
		<timestamp>Tue Apr 14 03:36:48 2026</timestamp>
		<arg name='module'>C:\Windows\SYSTEM32\GLU32.dll</arg>
		<arg name='basement'>0x7ff964190000</arg>
		<arg name='ceiling'>0x7ff9641bbfff</arg>
		<arg name='symtab'>yes</arg>
	</msg>
	<!-- Instrumentation of C:\Windows\SYSTEM32\GLU32.dll image skipped because of filter conditions [cs-mode]. -->
	<!-- Update image info for [28:0x7FF9A2E70000:YN] C:\Users\yojik\Desktop\project\N-Body-Simulation\project\build\zlib1.dll -->
	<msg id='30' display='false' source='trc'>
		<type>LOAD_MODULE</type>
		<severity>INFO</severity>
		<timestamp>Tue Apr 14 03:36:48 2026</timestamp>
		<arg name='module'>C:\Users\yojik\Desktop\project\N-Body-Simulation\project\build\zlib1.dll</arg>
		<arg name='basement'>0x7ff9a2e70000</arg>
		<arg name='ceiling'>0x7ff9a2e89fff</arg>
		<arg name='symtab'>yes</arg>
	</msg>
	<!-- Instrumentation of C:\Users\yojik\Desktop\project\N-Body-Simulation\project\build\zlib1.dll image skipped because of filter conditions [cs-mode]. -->
	<!-- Update image info for [29:0x7FF9BC1E0000:YN] C:\Users\yojik\Desktop\project\N-Body-Simulation\project\build\szip.dll -->
	<msg id='31' display='false' source='trc'>
		<type>LOAD_MODULE</type>
		<severity>INFO</severity>
		<timestamp>Tue Apr 14 03:36:48 2026</timestamp>
		<arg name='module'>C:\Users\yojik\Desktop\project\N-Body-Simulation\project\build\szip.dll</arg>
		<arg name='basement'>0x7ff9bc1e0000</arg>
		<arg name='ceiling'>0x7ff9bc1ecfff</arg>
		<arg name='symtab'>yes</arg>
	</msg>
	<!-- Instrumentation of C:\Users\yojik\Desktop\project\N-Body-Simulation\project\build\szip.dll image skipped because of filter conditions [cs-mode]. -->
	<!-- Update image info for [30:0x7FF9C5100000:YN] C:\Windows\System32\IMM32.DLL -->
	<msg id='32' display='false' source='trc'>
		<type>LOAD_MODULE</type>
		<severity>INFO</severity>
		<timestamp>Tue Apr 14 03:36:48 2026</timestamp>
		<arg name='module'>C:\Windows\System32\IMM32.DLL</arg>
		<arg name='basement'>0x7ff9c5100000</arg>
		<arg name='ceiling'>0x7ff9c512efff</arg>
		<arg name='symtab'>yes</arg>
	</msg>
	<!-- Instrumentation of C:\Windows\System32\IMM32.DLL image skipped because of filter conditions [cs-mode]. -->
	<!-- Update image info for [31:0x7FF991520000:YN] C:\Windows\SYSTEM32\dinput8.dll -->
	<msg id='33' display='false' source='trc'>
		<type>LOAD_MODULE</type>
		<severity>INFO</severity>
		<timestamp>Tue Apr 14 03:36:49 2026</timestamp>
		<arg name='module'>C:\Windows\SYSTEM32\dinput8.dll</arg>
		<arg name='basement'>0x7ff991520000</arg>
		<arg name='ceiling'>0x7ff991564fff</arg>
		<arg name='symtab'>yes</arg>
	</msg>
	<!-- Instrumentation of C:\Windows\SYSTEM32\dinput8.dll image skipped because of filter conditions [cs-mode]. -->
	<!-- Update image info for [32:0x7FF98BAE0000:YN] C:\Windows\SYSTEM32\xinput1_4.dll -->
	<msg id='34' display='false' source='trc'>
		<type>LOAD_MODULE</type>
		<severity>INFO</severity>
		<timestamp>Tue Apr 14 03:36:49 2026</timestamp>
		<arg name='module'>C:\Windows\SYSTEM32\xinput1_4.dll</arg>
		<arg name='basement'>0x7ff98bae0000</arg>
		<arg name='ceiling'>0x7ff98baf0fff</arg>
		<arg name='symtab'>yes</arg>
	</msg>
	<!-- Instrumentation of C:\Windows\SYSTEM32\xinput1_4.dll image skipped because of filter conditions [cs-mode]. -->
	<!-- Update image info for [33:0x7FF9C4B30000:YN] C:\Windows\System32\cfgmgr32.dll -->
	<msg id='35' display='false' source='trc'>
		<type>LOAD_MODULE</type>
		<severity>INFO</severity>
		<timestamp>Tue Apr 14 03:36:49 2026</timestamp>
		<arg name='module'>C:\Windows\System32\cfgmgr32.dll</arg>
		<arg name='basement'>0x7ff9c4b30000</arg>
		<arg name='ceiling'>0x7ff9c4b7dfff</arg>
		<arg name='symtab'>yes</arg>
	</msg>
	<!-- Instrumentation of C:\Windows\System32\cfgmgr32.dll image skipped because of filter conditions [cs-mode]. -->
	<!-- Update image info for [34:0x7FF9C42E0000:YN] C:\Windows\SYSTEM32\DEVOBJ.dll -->
	<msg id='36' display='false' source='trc'>
		<type>LOAD_MODULE</type>
		<severity>INFO</severity>
		<timestamp>Tue Apr 14 03:36:49 2026</timestamp>
		<arg name='module'>C:\Windows\SYSTEM32\DEVOBJ.dll</arg>
		<arg name='basement'>0x7ff9c42e0000</arg>
		<arg name='ceiling'>0x7ff9c4312fff</arg>
		<arg name='symtab'>yes</arg>
	</msg>
	<!-- Instrumentation of C:\Windows\SYSTEM32\DEVOBJ.dll image skipped because of filter conditions [cs-mode]. -->
	<!-- Update image info for [35:0x7FF9BBC40000:YN] C:\Windows\SYSTEM32\inputhost.dll -->
	<msg id='37' display='false' source='trc'>
		<type>LOAD_MODULE</type>
		<severity>INFO</severity>
		<timestamp>Tue Apr 14 03:36:49 2026</timestamp>
		<arg name='module'>C:\Windows\SYSTEM32\inputhost.dll</arg>
		<arg name='basement'>0x7ff9bbc40000</arg>
		<arg name='ceiling'>0x7ff9bbd91fff</arg>
		<arg name='symtab'>yes</arg>
	</msg>
	<!-- Instrumentation of C:\Windows\SYSTEM32\inputhost.dll image skipped because of filter conditions [cs-mode]. -->
	<!-- Update image info for [36:0x7FF9C5630000:YN] C:\Windows\System32\shcore.dll -->
	<msg id='38' display='false' source='trc'>
		<type>LOAD_MODULE</type>
		<severity>INFO</severity>
		<timestamp>Tue Apr 14 03:36:49 2026</timestamp>
		<arg name='module'>C:\Windows\System32\shcore.dll</arg>
		<arg name='basement'>0x7ff9c5630000</arg>
		<arg name='ceiling'>0x7ff9c56dcfff</arg>
		<arg name='symtab'>yes</arg>
	</msg>
	<!-- Instrumentation of C:\Windows\System32\shcore.dll image skipped because of filter conditions [cs-mode]. -->
	<!-- Update image info for [37:0x7FF9C57A0000:YN] C:\Windows\System32\OLEAUT32.dll -->
	<msg id='39' display='false' source='trc'>
		<type>LOAD_MODULE</type>
		<severity>INFO</severity>
		<timestamp>Tue Apr 14 03:36:49 2026</timestamp>
		<arg name='module'>C:\Windows\System32\OLEAUT32.dll</arg>
		<arg name='basement'>0x7ff9c57a0000</arg>
		<arg name='ceiling'>0x7ff9c586cfff</arg>
		<arg name='symtab'>yes</arg>
	</msg>
	<!-- Instrumentation of C:\Windows\System32\OLEAUT32.dll image skipped because of filter conditions [cs-mode]. -->
	<!-- Update image info for [38:0x7FF9C09B0000:YN] C:\Windows\SYSTEM32\CoreMessaging.dll -->
	<msg id='40' display='false' source='trc'>
		<type>LOAD_MODULE</type>
		<severity>INFO</severity>
		<timestamp>Tue Apr 14 03:36:49 2026</timestamp>
		<arg name='module'>C:\Windows\SYSTEM32\CoreMessaging.dll</arg>
		<arg name='basement'>0x7ff9c09b0000</arg>
		<arg name='ceiling'>0x7ff9c0aa1fff</arg>
		<arg name='symtab'>yes</arg>
	</msg>
	<!-- Instrumentation of C:\Windows\SYSTEM32\CoreMessaging.dll image skipped because of filter conditions [cs-mode]. -->
	<!-- Update image info for [39:0x7FF9BF0C0000:YN] C:\Windows\SYSTEM32\PROPSYS.dll -->
	<msg id='41' display='false' source='trc'>
		<type>LOAD_MODULE</type>
		<severity>INFO</severity>
		<timestamp>Tue Apr 14 03:36:49 2026</timestamp>
		<arg name='module'>C:\Windows\SYSTEM32\PROPSYS.dll</arg>
		<arg name='basement'>0x7ff9bf0c0000</arg>
		<arg name='ceiling'>0x7ff9bf1b3fff</arg>
		<arg name='symtab'>yes</arg>
	</msg>
	<!-- Instrumentation of C:\Windows\SYSTEM32\PROPSYS.dll image skipped because of filter conditions [cs-mode]. -->
	<!-- Update image info for [40:0x7FF9C6620000:YN] C:\Windows\System32\WS2_32.dll -->
	<msg id='42' display='false' source='trc'>
		<type>LOAD_MODULE</type>
		<severity>INFO</severity>
		<timestamp>Tue Apr 14 03:36:49 2026</timestamp>
		<arg name='module'>C:\Windows\System32\WS2_32.dll</arg>
		<arg name='basement'>0x7ff9c6620000</arg>
		<arg name='ceiling'>0x7ff9c668afff</arg>
		<arg name='symtab'>yes</arg>
	</msg>
	<!-- Instrumentation of C:\Windows\System32\WS2_32.dll image skipped because of filter conditions [cs-mode]. -->
	<!-- Update image info for [41:0x7FF9BFF80000:YN] C:\Windows\SYSTEM32\wintypes.dll -->
	<msg id='43' display='false' source='trc'>
		<type>LOAD_MODULE</type>
		<severity>INFO</severity>
		<timestamp>Tue Apr 14 03:36:49 2026</timestamp>
		<arg name='module'>C:\Windows\SYSTEM32\wintypes.dll</arg>
		<arg name='basement'>0x7ff9bff80000</arg>
		<arg name='ceiling'>0x7ff9c00d6fff</arg>
		<arg name='symtab'>yes</arg>
	</msg>
	<!-- Instrumentation of C:\Windows\SYSTEM32\wintypes.dll image skipped because of filter conditions [cs-mode]. -->
	<!-- Update image info for [42:0x7FF9C0650000:YN] C:\Windows\SYSTEM32\CoreUIComponents.dll -->
	<msg id='44' display='false' source='trc'>
		<type>LOAD_MODULE</type>
		<severity>INFO</severity>
		<timestamp>Tue Apr 14 03:36:49 2026</timestamp>
		<arg name='module'>C:\Windows\SYSTEM32\CoreUIComponents.dll</arg>
		<arg name='basement'>0x7ff9c0650000</arg>
		<arg name='ceiling'>0x7ff9c09aafff</arg>
		<arg name='symtab'>yes</arg>
	</msg>
	<!-- Instrumentation of C:\Windows\SYSTEM32\CoreUIComponents.dll image skipped because of filter conditions [cs-mode]. -->
	<!-- Update image info for [43:0x7FF9C4A00000:YN] C:\Windows\System32\bcryptPrimitives.dll -->
	<msg id='45' display='false' source='trc'>
		<type>LOAD_MODULE</type>
		<severity>INFO</severity>
		<timestamp>Tue Apr 14 03:36:49 2026</timestamp>
		<arg name='module'>C:\Windows\System32\bcryptPrimitives.dll</arg>
		<arg name='basement'>0x7ff9c4a00000</arg>
		<arg name='ceiling'>0x7ff9c4a81fff</arg>
		<arg name='symtab'>yes</arg>
	</msg>
	<!-- Instrumentation of C:\Windows\System32\bcryptPrimitives.dll image skipped because of filter conditions [cs-mode]. -->
	<!-- Update image info for [44:0x7FF9C37E0000:YN] C:\Windows\SYSTEM32\ntmarta.dll -->
	<msg id='46' display='false' source='trc'>
		<type>LOAD_MODULE</type>
		<severity>INFO</severity>
		<timestamp>Tue Apr 14 03:36:49 2026</timestamp>
		<arg name='module'>C:\Windows\SYSTEM32\ntmarta.dll</arg>
		<arg name='basement'>0x7ff9c37e0000</arg>
		<arg name='ceiling'>0x7ff9c3812fff</arg>
		<arg name='symtab'>yes</arg>
	</msg>
	<!-- Instrumentation of C:\Windows\SYSTEM32\ntmarta.dll image skipped because of filter conditions [cs-mode]. -->
	<!-- Update image info for [45:0x7FF9C2D80000:YN] C:\Windows\SYSTEM32\kernel.appcore.dll -->
	<msg id='47' display='false' source='trc'>
		<type>LOAD_MODULE</type>
		<severity>INFO</severity>
		<timestamp>Tue Apr 14 03:36:49 2026</timestamp>
		<arg name='module'>C:\Windows\SYSTEM32\kernel.appcore.dll</arg>
		<arg name='basement'>0x7ff9c2d80000</arg>
		<arg name='ceiling'>0x7ff9c2d91fff</arg>
		<arg name='symtab'>yes</arg>
	</msg>
	<!-- Instrumentation of C:\Windows\SYSTEM32\kernel.appcore.dll image skipped because of filter conditions [cs-mode]. -->
	<!-- Update image info for [46:0x7FF9C11B0000:YN] C:\Windows\SYSTEM32\dwmapi.dll -->
	<msg id='48' display='false' source='trc'>
		<type>LOAD_MODULE</type>
		<severity>INFO</severity>
		<timestamp>Tue Apr 14 03:36:49 2026</timestamp>
		<arg name='module'>C:\Windows\SYSTEM32\dwmapi.dll</arg>
		<arg name='basement'>0x7ff9c11b0000</arg>
		<arg name='ceiling'>0x7ff9c11ddfff</arg>
		<arg name='symtab'>yes</arg>
	</msg>
	<!-- Instrumentation of C:\Windows\SYSTEM32\dwmapi.dll image skipped because of filter conditions [cs-mode]. -->
	<!-- Update image info for [47:0x7FF9C1030000:YN] C:\Windows\system32\uxtheme.dll -->
	<msg id='49' display='false' source='trc'>
		<type>LOAD_MODULE</type>
		<severity>INFO</severity>
		<timestamp>Tue Apr 14 03:36:49 2026</timestamp>
		<arg name='module'>C:\Windows\system32\uxtheme.dll</arg>
		<arg name='basement'>0x7ff9c1030000</arg>
		<arg name='ceiling'>0x7ff9c10cdfff</arg>
		<arg name='symtab'>yes</arg>
	</msg>
	<!-- Instrumentation of C:\Windows\system32\uxtheme.dll image skipped because of filter conditions. -->
	<!-- Update image info for [48:0x7FF9C4EE0000:YN] C:\Windows\System32\MSCTF.dll -->
	<msg id='50' display='false' source='trc'>
		<type>LOAD_MODULE</type>
		<severity>INFO</severity>
		<timestamp>Tue Apr 14 03:36:50 2026</timestamp>
		<arg name='module'>C:\Windows\System32\MSCTF.dll</arg>
		<arg name='basement'>0x7ff9c4ee0000</arg>
		<arg name='ceiling'>0x7ff9c4ff4fff</arg>
		<arg name='symtab'>yes</arg>
	</msg>
	<!-- Instrumentation of C:\Windows\System32\MSCTF.dll image skipped because of filter conditions [cs-mode]. -->
	<!-- Update image info for [49:0x7FF9C56E0000:YN] C:\Windows\System32\clbcatq.dll -->
	<msg id='51' display='false' source='trc'>
		<type>LOAD_MODULE</type>
		<severity>INFO</severity>
		<timestamp>Tue Apr 14 03:36:51 2026</timestamp>
		<arg name='module'>C:\Windows\System32\clbcatq.dll</arg>
		<arg name='basement'>0x7ff9c56e0000</arg>
		<arg name='ceiling'>0x7ff9c5788fff</arg>
		<arg name='symtab'>yes</arg>
	</msg>
	<!-- Instrumentation of C:\Windows\System32\clbcatq.dll image skipped because of filter conditions [cs-mode]. -->
	<!-- Update image info for [50:0x7FF9BE190000:YN] C:\Windows\System32\AppXDeploymentClient.dll -->
	<msg id='52' display='false' source='trc'>
		<type>LOAD_MODULE</type>
		<severity>INFO</severity>
		<timestamp>Tue Apr 14 03:36:51 2026</timestamp>
		<arg name='module'>C:\Windows\System32\AppXDeploymentClient.dll</arg>
		<arg name='basement'>0x7ff9be190000</arg>
		<arg name='ceiling'>0x7ff9be295fff</arg>
		<arg name='symtab'>yes</arg>
	</msg>
	<!-- Instrumentation of C:\Windows\System32\AppXDeploymentClient.dll image skipped because of filter conditions [cs-mode]. -->
	<msg id='53' display='false' source='trc'>
		<type>UNLOAD_MODULE</type>
		<severity>INFO</severity>
		<timestamp>Tue Apr 14 03:36:51 2026</timestamp>
		<arg name='module'>C:\Windows\System32\AppXDeploymentClient.dll</arg>
	</msg>
	<!-- Update image info for [51:0x7FF949BB0000:YN] C:\Windows\System32\DriverStore\FileRepository\nv_dispi.inf_amd64_7840b4313191ae17\nvoglv64.dll -->
	<msg id='54' display='false' source='trc'>
		<type>LOAD_MODULE</type>
		<severity>INFO</severity>
		<timestamp>Tue Apr 14 03:36:51 2026</timestamp>
		<arg name='module'>C:\Windows\System32\DriverStore\FileRepository\nv_dispi.inf_amd64_7840b4313191ae17\nvoglv64.dll</arg>
		<arg name='basement'>0x7ff949bb0000</arg>
		<arg name='ceiling'>0x7ff94c4d4fff</arg>
		<arg name='symtab'>yes</arg>
	</msg>
	<!-- Instrumentation of C:\Windows\System32\DriverStore\FileRepository\nv_dispi.inf_amd64_7840b4313191ae17\nvoglv64.dll image skipped because of filter conditions. -->
	<!-- Update image info for [52:0x7FF9C6690000:YN] C:\Windows\System32\SETUPAPI.dll -->
	<msg id='55' display='false' source='trc'>
		<type>LOAD_MODULE</type>
		<severity>INFO</severity>
		<timestamp>Tue Apr 14 03:36:51 2026</timestamp>
		<arg name='module'>C:\Windows\System32\SETUPAPI.dll</arg>
		<arg name='basement'>0x7ff9c6690000</arg>
		<arg name='ceiling'>0x7ff9c6afffff</arg>
		<arg name='symtab'>yes</arg>
	</msg>
	<!-- Instrumentation of C:\Windows\System32\SETUPAPI.dll image skipped because of filter conditions [cs-mode]. -->
	<!-- Update image info for [53:0x7FF9C6D50000:YN] C:\Windows\System32\ole32.dll -->
	<msg id='56' display='false' source='trc'>
		<type>LOAD_MODULE</type>
		<severity>INFO</severity>
		<timestamp>Tue Apr 14 03:36:51 2026</timestamp>
		<arg name='module'>C:\Windows\System32\ole32.dll</arg>
		<arg name='basement'>0x7ff9c6d50000</arg>
		<arg name='ceiling'>0x7ff9c6e7afff</arg>
		<arg name='symtab'>yes</arg>
	</msg>
	<!-- Instrumentation of C:\Windows\System32\ole32.dll image skipped because of filter conditions [cs-mode]. -->
	<!-- Update image info for [54:0x7FF9BF900000:YN] C:\Windows\SYSTEM32\WTSAPI32.dll -->
	<msg id='57' display='false' source='trc'>
		<type>LOAD_MODULE</type>
		<severity>INFO</severity>
		<timestamp>Tue Apr 14 03:36:51 2026</timestamp>
		<arg name='module'>C:\Windows\SYSTEM32\WTSAPI32.dll</arg>
		<arg name='basement'>0x7ff9bf900000</arg>
		<arg name='ceiling'>0x7ff9bf913fff</arg>
		<arg name='symtab'>yes</arg>
	</msg>
	<!-- Instrumentation of C:\Windows\SYSTEM32\WTSAPI32.dll image skipped because of filter conditions [cs-mode]. -->
	<!-- Update image info for [55:0x7FF9BE720000:YN] C:\Windows\SYSTEM32\VERSION.dll -->
	<msg id='58' display='false' source='trc'>
		<type>LOAD_MODULE</type>
		<severity>INFO</severity>
		<timestamp>Tue Apr 14 03:36:51 2026</timestamp>
		<arg name='module'>C:\Windows\SYSTEM32\VERSION.dll</arg>
		<arg name='basement'>0x7ff9be720000</arg>
		<arg name='ceiling'>0x7ff9be729fff</arg>
		<arg name='symtab'>yes</arg>
	</msg>
	<!-- Instrumentation of C:\Windows\SYSTEM32\VERSION.dll image skipped because of filter conditions [cs-mode]. -->
	<!-- Update image info for [56:0x7FF9C4110000:YN] C:\Windows\SYSTEM32\msasn1.dll -->
	<msg id='59' display='false' source='trc'>
		<type>LOAD_MODULE</type>
		<severity>INFO</severity>
		<timestamp>Tue Apr 14 03:36:52 2026</timestamp>
		<arg name='module'>C:\Windows\SYSTEM32\msasn1.dll</arg>
		<arg name='basement'>0x7ff9c4110000</arg>
		<arg name='ceiling'>0x7ff9c4121fff</arg>
		<arg name='symtab'>yes</arg>
	</msg>
	<!-- Instrumentation of C:\Windows\SYSTEM32\msasn1.dll image skipped because of filter conditions [cs-mode]. -->
	<!-- Update image info for [57:0x7FF9BE6E0000:YN] C:\Windows\SYSTEM32\cryptnet.dll -->
	<msg id='60' display='false' source='trc'>
		<type>LOAD_MODULE</type>
		<severity>INFO</severity>
		<timestamp>Tue Apr 14 03:36:52 2026</timestamp>
		<arg name='module'>C:\Windows\SYSTEM32\cryptnet.dll</arg>
		<arg name='basement'>0x7ff9be6e0000</arg>
		<arg name='ceiling'>0x7ff9be710fff</arg>
		<arg name='symtab'>yes</arg>
	</msg>
	<!-- Instrumentation of C:\Windows\SYSTEM32\cryptnet.dll image skipped because of filter conditions [cs-mode]. -->
	<!-- Update image info for [58:0x7FF9C4BB0000:YN] C:\Windows\System32\CRYPT32.dll -->
	<msg id='61' display='false' source='trc'>
		<type>LOAD_MODULE</type>
		<severity>INFO</severity>
		<timestamp>Tue Apr 14 03:36:52 2026</timestamp>
		<arg name='module'>C:\Windows\System32\CRYPT32.dll</arg>
		<arg name='basement'>0x7ff9c4bb0000</arg>
		<arg name='ceiling'>0x7ff9c4d0cfff</arg>
		<arg name='symtab'>yes</arg>
	</msg>
	<!-- Instrumentation of C:\Windows\System32\CRYPT32.dll image skipped because of filter conditions [cs-mode]. -->
	<!-- Update image info for [59:0x7FF9C3EF0000:YN] C:\Windows\SYSTEM32\cryptbase.dll -->
	<msg id='62' display='false' source='trc'>
		<type>LOAD_MODULE</type>
		<severity>INFO</severity>
		<timestamp>Tue Apr 14 03:36:52 2026</timestamp>
		<arg name='module'>C:\Windows\SYSTEM32\cryptbase.dll</arg>
		<arg name='basement'>0x7ff9c3ef0000</arg>
		<arg name='ceiling'>0x7ff9c3efbfff</arg>
		<arg name='symtab'>yes</arg>
	</msg>
	<!-- Instrumentation of C:\Windows\SYSTEM32\cryptbase.dll image skipped because of filter conditions [cs-mode]. -->
	<!-- Update image info for [60:0x7FF9C3F80000:YN] C:\Windows\SYSTEM32\wldp.dll -->
	<msg id='63' display='false' source='trc'>
		<type>LOAD_MODULE</type>
		<severity>INFO</severity>
		<timestamp>Tue Apr 14 03:36:52 2026</timestamp>
		<arg name='module'>C:\Windows\SYSTEM32\wldp.dll</arg>
		<arg name='basement'>0x7ff9c3f80000</arg>
		<arg name='ceiling'>0x7ff9c3faafff</arg>
		<arg name='symtab'>yes</arg>
	</msg>
	<!-- Instrumentation of C:\Windows\SYSTEM32\wldp.dll image skipped because of filter conditions [cs-mode]. -->
	<!-- Update image info for [61:0x7FF9BE2A0000:YN] C:\Windows\SYSTEM32\drvstore.dll -->
	<msg id='64' display='false' source='trc'>
		<type>LOAD_MODULE</type>
		<severity>INFO</severity>
		<timestamp>Tue Apr 14 03:36:52 2026</timestamp>
		<arg name='module'>C:\Windows\SYSTEM32\drvstore.dll</arg>
		<arg name='basement'>0x7ff9be2a0000</arg>
		<arg name='ceiling'>0x7ff9be3e6fff</arg>
		<arg name='symtab'>yes</arg>
	</msg>
	<!-- Instrumentation of C:\Windows\SYSTEM32\drvstore.dll image skipped because of filter conditions [cs-mode]. -->
	<!-- Update image info for [62:0x7FF9C4E60000:YN] C:\Windows\System32\WINTRUST.dll -->
	<msg id='65' display='false' source='trc'>
		<type>LOAD_MODULE</type>
		<severity>INFO</severity>
		<timestamp>Tue Apr 14 03:36:52 2026</timestamp>
		<arg name='module'>C:\Windows\System32\WINTRUST.dll</arg>
		<arg name='basement'>0x7ff9c4e60000</arg>
		<arg name='ceiling'>0x7ff9c4ed2fff</arg>
		<arg name='symtab'>yes</arg>
	</msg>
	<!-- Instrumentation of C:\Windows\System32\WINTRUST.dll image skipped because of filter conditions [cs-mode]. -->
	<!-- Update image info for [63:0x7FF9C5A80000:YN] C:\Windows\System32\imagehlp.dll -->
	<msg id='66' display='false' source='trc'>
		<type>LOAD_MODULE</type>
		<severity>INFO</severity>
		<timestamp>Tue Apr 14 03:36:53 2026</timestamp>
		<arg name='module'>C:\Windows\System32\imagehlp.dll</arg>
		<arg name='basement'>0x7ff9c5a80000</arg>
		<arg name='ceiling'>0x7ff9c5a9cfff</arg>
		<arg name='symtab'>yes</arg>
	</msg>
	<!-- Instrumentation of C:\Windows\System32\imagehlp.dll image skipped because of filter conditions. -->
	<!-- Update image info for [64:0x7FF9C3ED0000:YN] C:\Windows\SYSTEM32\CRYPTSP.dll -->
	<msg id='67' display='false' source='trc'>
		<type>LOAD_MODULE</type>
		<severity>INFO</severity>
		<timestamp>Tue Apr 14 03:36:53 2026</timestamp>
		<arg name='module'>C:\Windows\SYSTEM32\CRYPTSP.dll</arg>
		<arg name='basement'>0x7ff9c3ed0000</arg>
		<arg name='ceiling'>0x7ff9c3ee7fff</arg>
		<arg name='symtab'>yes</arg>
	</msg>
	<!-- Instrumentation of C:\Windows\SYSTEM32\CRYPTSP.dll image skipped because of filter conditions [cs-mode]. -->
	<!-- Update image info for [65:0x7FF9C3520000:YN] C:\Windows\system32\rsaenh.dll -->
	<msg id='68' display='false' source='trc'>
		<type>LOAD_MODULE</type>
		<severity>INFO</severity>
		<timestamp>Tue Apr 14 03:36:53 2026</timestamp>
		<arg name='module'>C:\Windows\system32\rsaenh.dll</arg>
		<arg name='basement'>0x7ff9c3520000</arg>
		<arg name='ceiling'>0x7ff9c3557fff</arg>
		<arg name='symtab'>yes</arg>
	</msg>
	<!-- Instrumentation of C:\Windows\system32\rsaenh.dll image skipped because of filter conditions [cs-mode]. -->
	<!-- Update image info for [66:0x7FF9B5210000:YN] C:\Windows\System32\DriverStore\FileRepository\nv_dispi.inf_amd64_7840b4313191ae17\nvgpucomp64.dll -->
	<msg id='69' display='false' source='trc'>
		<type>LOAD_MODULE</type>
		<severity>INFO</severity>
		<timestamp>Tue Apr 14 03:36:53 2026</timestamp>
		<arg name='module'>C:\Windows\System32\DriverStore\FileRepository\nv_dispi.inf_amd64_7840b4313191ae17\nvgpucomp64.dll</arg>
		<arg name='basement'>0x7ff9b5210000</arg>
		<arg name='ceiling'>0x7ff9b9f0efff</arg>
		<arg name='symtab'>yes</arg>
	</msg>
	<!-- Instrumentation of C:\Windows\System32\DriverStore\FileRepository\nv_dispi.inf_amd64_7840b4313191ae17\nvgpucomp64.dll image skipped because of filter conditions [cs-mode]. -->
	<!-- Update image info for [67:0x7FF9C25C0000:YN] C:\Windows\SYSTEM32\windows.storage.dll -->
	<msg id='70' display='false' source='trc'>
		<type>LOAD_MODULE</type>
		<severity>INFO</severity>
		<timestamp>Tue Apr 14 03:36:58 2026</timestamp>
		<arg name='module'>C:\Windows\SYSTEM32\windows.storage.dll</arg>
		<arg name='basement'>0x7ff9c25c0000</arg>
		<arg name='ceiling'>0x7ff9c2d64fff</arg>
		<arg name='symtab'>yes</arg>
	</msg>
	<!-- Instrumentation of C:\Windows\SYSTEM32\windows.storage.dll image skipped because of filter conditions [cs-mode]. -->
	<!-- Update image info for [68:0x7FF9BCCD0000:YN] C:\Windows\SYSTEM32\dxcore.dll -->
	<msg id='71' display='false' source='trc'>
		<type>LOAD_MODULE</type>
		<severity>INFO</severity>
		<timestamp>Tue Apr 14 03:36:58 2026</timestamp>
		<arg name='module'>C:\Windows\SYSTEM32\dxcore.dll</arg>
		<arg name='basement'>0x7ff9bccd0000</arg>
		<arg name='ceiling'>0x7ff9bcd0afff</arg>
		<arg name='symtab'>yes</arg>
	</msg>
	<!-- Instrumentation of C:\Windows\SYSTEM32\dxcore.dll image skipped because of filter conditions [cs-mode]. -->
	<!-- Update image info for [69:0x7FF99A630000:YN] C:\Windows\system32\nvspcap64.dll -->
	<msg id='72' display='false' source='trc'>
		<type>LOAD_MODULE</type>
		<severity>INFO</severity>
		<timestamp>Tue Apr 14 03:36:58 2026</timestamp>
		<arg name='module'>C:\Windows\system32\nvspcap64.dll</arg>
		<arg name='basement'>0x7ff99a630000</arg>
		<arg name='ceiling'>0x7ff99a776fff</arg>
		<arg name='symtab'>yes</arg>
	</msg>
	<!-- Instrumentation of C:\Windows\system32\nvspcap64.dll image skipped because of filter conditions [cs-mode]. -->
	<!-- Update image info for [70:0x7FF9C4480000:YN] C:\Windows\SYSTEM32\profapi.dll -->
	<msg id='73' display='false' source='trc'>
		<type>LOAD_MODULE</type>
		<severity>INFO</severity>
		<timestamp>Tue Apr 14 03:36:58 2026</timestamp>
		<arg name='module'>C:\Windows\SYSTEM32\profapi.dll</arg>
		<arg name='basement'>0x7ff9c4480000</arg>
		<arg name='ceiling'>0x7ff9c44a3fff</arg>
		<arg name='symtab'>yes</arg>
	</msg>
	<!-- Instrumentation of C:\Windows\SYSTEM32\profapi.dll image skipped because of filter conditions [cs-mode]. -->
	<!-- Update image info for [71:0x7FF9C5870000:YN] C:\Windows\System32\PSAPI.DLL -->
	<msg id='74' display='false' source='trc'>
		<type>LOAD_MODULE</type>
		<severity>INFO</severity>
		<timestamp>Tue Apr 14 03:36:59 2026</timestamp>
		<arg name='module'>C:\Windows\System32\PSAPI.DLL</arg>
		<arg name='basement'>0x7ff9c5870000</arg>
		<arg name='ceiling'>0x7ff9c5877fff</arg>
		<arg name='symtab'>yes</arg>
	</msg>
	<!-- Instrumentation of C:\Windows\System32\PSAPI.DLL image skipped because of filter conditions [cs-mode]. -->
	<!-- Update image info for [72:0x7FF9C1F80000:YN] C:\Windows\SYSTEM32\dbghelp.dll -->
	<msg id='75' display='false' source='trc'>
		<type>LOAD_MODULE</type>
		<severity>INFO</severity>
		<timestamp>Tue Apr 14 03:36:59 2026</timestamp>
		<arg name='module'>C:\Windows\SYSTEM32\dbghelp.dll</arg>
		<arg name='basement'>0x7ff9c1f80000</arg>
		<arg name='ceiling'>0x7ff9c2180fff</arg>
		<arg name='symtab'>yes</arg>
	</msg>
	<!-- Instrumentation of C:\Windows\SYSTEM32\dbghelp.dll image skipped because of filter conditions [cs-mode]. -->
	<msg id='76' display='false' source='trc'>
		<type>UNLOAD_MODULE</type>
		<severity>INFO</severity>
		<timestamp>Tue Apr 14 03:36:59 2026</timestamp>
		<arg name='module'>C:\Windows\System32\PSAPI.DLL</arg>
	</msg>
	<msg id='77' display='false' source='trc'>
		<type>UNLOAD_MODULE</type>
		<severity>INFO</severity>
		<timestamp>Tue Apr 14 03:36:59 2026</timestamp>
		<arg name='module'>C:\Windows\SYSTEM32\dbghelp.dll</arg>
	</msg>
	<!-- Update image info for [73:0x7FF9C5870000:YN] C:\Windows\System32\PSAPI.DLL -->
	<msg id='78' display='false' source='trc'>
		<type>LOAD_MODULE</type>
		<severity>INFO</severity>
		<timestamp>Tue Apr 14 03:36:59 2026</timestamp>
		<arg name='module'>C:\Windows\System32\PSAPI.DLL</arg>
		<arg name='basement'>0x7ff9c5870000</arg>
		<arg name='ceiling'>0x7ff9c5877fff</arg>
		<arg name='symtab'>yes</arg>
	</msg>
	<!-- Instrumentation of C:\Windows\System32\PSAPI.DLL image skipped because of filter conditions [cs-mode]. -->
	<!-- Update image info for [74:0x7FF9C1F80000:YN] C:\Windows\SYSTEM32\dbghelp.dll -->
	<msg id='79' display='false' source='trc'>
		<type>LOAD_MODULE</type>
		<severity>INFO</severity>
		<timestamp>Tue Apr 14 03:36:59 2026</timestamp>
		<arg name='module'>C:\Windows\SYSTEM32\dbghelp.dll</arg>
		<arg name='basement'>0x7ff9c1f80000</arg>
		<arg name='ceiling'>0x7ff9c2180fff</arg>
		<arg name='symtab'>yes</arg>
	</msg>
	<!-- Instrumentation of C:\Windows\SYSTEM32\dbghelp.dll image skipped because of filter conditions [cs-mode]. -->
	<msg id='80' display='false' source='trc'>
		<type>UNLOAD_MODULE</type>
		<severity>INFO</severity>
		<timestamp>Tue Apr 14 03:36:59 2026</timestamp>
		<arg name='module'>C:\Windows\System32\PSAPI.DLL</arg>
	</msg>
	<msg id='81' display='false' source='trc'>
		<type>UNLOAD_MODULE</type>
		<severity>INFO</severity>
		<timestamp>Tue Apr 14 03:36:59 2026</timestamp>
		<arg name='module'>C:\Windows\SYSTEM32\dbghelp.dll</arg>
	</msg>
	<!-- Update image info for [75:0x7FF9C5870000:YN] C:\Windows\System32\PSAPI.DLL -->
	<msg id='82' display='false' source='trc'>
		<type>LOAD_MODULE</type>
		<severity>INFO</severity>
		<timestamp>Tue Apr 14 03:36:59 2026</timestamp>
		<arg name='module'>C:\Windows\System32\PSAPI.DLL</arg>
		<arg name='basement'>0x7ff9c5870000</arg>
		<arg name='ceiling'>0x7ff9c5877fff</arg>
		<arg name='symtab'>yes</arg>
	</msg>
	<!-- Instrumentation of C:\Windows\System32\PSAPI.DLL image skipped because of filter conditions [cs-mode]. -->
	<!-- Update image info for [76:0x7FF9C1F80000:YN] C:\Windows\SYSTEM32\dbghelp.dll -->
	<msg id='83' display='false' source='trc'>
		<type>LOAD_MODULE</type>
		<severity>INFO</severity>
		<timestamp>Tue Apr 14 03:36:59 2026</timestamp>
		<arg name='module'>C:\Windows\SYSTEM32\dbghelp.dll</arg>
		<arg name='basement'>0x7ff9c1f80000</arg>
		<arg name='ceiling'>0x7ff9c2180fff</arg>
		<arg name='symtab'>yes</arg>
	</msg>
	<!-- Instrumentation of C:\Windows\SYSTEM32\dbghelp.dll image skipped because of filter conditions [cs-mode]. -->
	<msg id='84' display='false' source='trc'>
		<type>UNLOAD_MODULE</type>
		<severity>INFO</severity>
		<timestamp>Tue Apr 14 03:36:59 2026</timestamp>
		<arg name='module'>C:\Windows\System32\PSAPI.DLL</arg>
	</msg>
	<msg id='85' display='false' source='trc'>
		<type>UNLOAD_MODULE</type>
		<severity>INFO</severity>
		<timestamp>Tue Apr 14 03:36:59 2026</timestamp>
		<arg name='module'>C:\Windows\SYSTEM32\dbghelp.dll</arg>
	</msg>
	<!-- Update image info for [77:0x7FF9C5870000:YN] C:\Windows\System32\PSAPI.DLL -->
	<msg id='86' display='false' source='trc'>
		<type>LOAD_MODULE</type>
		<severity>INFO</severity>
		<timestamp>Tue Apr 14 03:36:59 2026</timestamp>
		<arg name='module'>C:\Windows\System32\PSAPI.DLL</arg>
		<arg name='basement'>0x7ff9c5870000</arg>
		<arg name='ceiling'>0x7ff9c5877fff</arg>
		<arg name='symtab'>yes</arg>
	</msg>
	<!-- Instrumentation of C:\Windows\System32\PSAPI.DLL image skipped because of filter conditions [cs-mode]. -->
	<!-- Update image info for [78:0x7FF9C1F80000:YN] C:\Windows\SYSTEM32\dbghelp.dll -->
	<msg id='87' display='false' source='trc'>
		<type>LOAD_MODULE</type>
		<severity>INFO</severity>
		<timestamp>Tue Apr 14 03:36:59 2026</timestamp>
		<arg name='module'>C:\Windows\SYSTEM32\dbghelp.dll</arg>
		<arg name='basement'>0x7ff9c1f80000</arg>
		<arg name='ceiling'>0x7ff9c2180fff</arg>
		<arg name='symtab'>yes</arg>
	</msg>
	<!-- Instrumentation of C:\Windows\SYSTEM32\dbghelp.dll image skipped because of filter conditions [cs-mode]. -->
	<msg id='88' display='false' source='trc'>
		<type>UNLOAD_MODULE</type>
		<severity>INFO</severity>
		<timestamp>Tue Apr 14 03:37:00 2026</timestamp>
		<arg name='module'>C:\Windows\System32\PSAPI.DLL</arg>
	</msg>
	<msg id='89' display='false' source='trc'>
		<type>UNLOAD_MODULE</type>
		<severity>INFO</severity>
		<timestamp>Tue Apr 14 03:37:00 2026</timestamp>
		<arg name='module'>C:\Windows\SYSTEM32\dbghelp.dll</arg>
	</msg>
	<!-- Update image info for [79:0x7FF9C3A90000:YN] C:\Windows\SYSTEM32\powrprof.dll -->
	<msg id='90' display='false' source='trc'>
		<type>LOAD_MODULE</type>
		<severity>INFO</severity>
		<timestamp>Tue Apr 14 03:37:00 2026</timestamp>
		<arg name='module'>C:\Windows\SYSTEM32\powrprof.dll</arg>
		<arg name='basement'>0x7ff9c3a90000</arg>
		<arg name='ceiling'>0x7ff9c3adafff</arg>
		<arg name='symtab'>yes</arg>
	</msg>
	<!-- Instrumentation of C:\Windows\SYSTEM32\powrprof.dll image skipped because of filter conditions [cs-mode]. -->
	<!-- Update image info for [80:0x7FF9C3950000:YN] C:\Windows\SYSTEM32\UMPDC.dll -->
	<msg id='91' display='false' source='trc'>
		<type>LOAD_MODULE</type>
		<severity>INFO</severity>
		<timestamp>Tue Apr 14 03:37:00 2026</timestamp>
		<arg name='module'>C:\Windows\SYSTEM32\UMPDC.dll</arg>
		<arg name='basement'>0x7ff9c3950000</arg>
		<arg name='ceiling'>0x7ff9c3961fff</arg>
		<arg name='symtab'>yes</arg>
	</msg>
	<!-- Instrumentation of C:\Windows\SYSTEM32\UMPDC.dll image skipped because of filter conditions [cs-mode]. -->
	<!-- Update image info for [81:0x7FF9C3770000:YN] C:\Windows\SYSTEM32\WINSTA.dll -->
	<msg id='92' display='false' source='trc'>
		<type>LOAD_MODULE</type>
		<severity>INFO</severity>
		<timestamp>Tue Apr 14 03:37:00 2026</timestamp>
		<arg name='module'>C:\Windows\SYSTEM32\WINSTA.dll</arg>
		<arg name='basement'>0x7ff9c3770000</arg>
		<arg name='ceiling'>0x7ff9c37d2fff</arg>
		<arg name='symtab'>yes</arg>
	</msg>
	<!-- Instrumentation of C:\Windows\SYSTEM32\WINSTA.dll image skipped because of filter conditions [cs-mode]. -->
	<!-- Update image info for [82:0x7FF9BBDA0000:YN] C:\Windows\SYSTEM32\textinputframework.dll -->
	<msg id='93' display='false' source='trc'>
		<type>LOAD_MODULE</type>
		<severity>INFO</severity>
		<timestamp>Tue Apr 14 03:37:02 2026</timestamp>
		<arg name='module'>C:\Windows\SYSTEM32\textinputframework.dll</arg>
		<arg name='basement'>0x7ff9bbda0000</arg>
		<arg name='ceiling'>0x7ff9bbe98fff</arg>
		<arg name='symtab'>yes</arg>
	</msg>
	<!-- Instrumentation of C:\Windows\SYSTEM32\textinputframework.dll image skipped because of filter conditions [cs-mode]. -->
	<msg id='94' display='false' source='trc'>
		<type>UNLOAD_MODULE</type>
		<severity>INFO</severity>
		<timestamp>Tue Apr 14 03:37:58 2026</timestamp>
		<arg name='module'>C:\Users\yojik\Desktop\project\N-Body-Simulation\project\build\Simulate.exe</arg>
	</msg>
	<msg id='95' display='false' source='trc'>
		<type>UNLOAD_MODULE</type>
		<severity>INFO</severity>
		<timestamp>Tue Apr 14 03:37:58 2026</timestamp>
		<arg name='module'>C:\Windows\System32\KERNELBASE.dll</arg>
	</msg>
	<msg id='96' display='false' source='trc'>
		<type>UNLOAD_MODULE</type>
		<severity>INFO</severity>
		<timestamp>Tue Apr 14 03:37:58 2026</timestamp>
		<arg name='module'>C:\Windows\System32\KERNEL32.DLL</arg>
	</msg>
	<msg id='97' display='false' source='trc'>
		<type>UNLOAD_MODULE</type>
		<severity>INFO</severity>
		<timestamp>Tue Apr 14 03:37:58 2026</timestamp>
		<arg name='module'>C:\Windows\SYSTEM32\ntdll.dll</arg>
	</msg>
	<msg id='98' display='false' source='trc'>
		<type>UNLOAD_MODULE</type>
		<severity>INFO</severity>
		<timestamp>Tue Apr 14 03:37:58 2026</timestamp>
		<arg name='module'>C:\Users\yojik\Desktop\project\N-Body-Simulation\project\build\hdf5_cpp.dll</arg>
	</msg>
	<msg id='99' display='false' source='trc'>
		<type>UNLOAD_MODULE</type>
		<severity>INFO</severity>
		<timestamp>Tue Apr 14 03:37:58 2026</timestamp>
		<arg name='module'>C:\Windows\SYSTEM32\OPENGL32.dll</arg>
	</msg>
	<msg id='100' display='false' source='trc'>
		<type>UNLOAD_MODULE</type>
		<severity>INFO</severity>
		<timestamp>Tue Apr 14 03:37:58 2026</timestamp>
		<arg name='module'>C:\Users\yojik\Desktop\project\N-Body-Simulation\project\build\glew32.dll</arg>
	</msg>
	<msg id='101' display='false' source='trc'>
		<type>UNLOAD_MODULE</type>
		<severity>INFO</severity>
		<timestamp>Tue Apr 14 03:37:58 2026</timestamp>
		<arg name='module'>C:\Windows\System32\ucrtbase.dll</arg>
	</msg>
	<msg id='102' display='false' source='trc'>
		<type>UNLOAD_MODULE</type>
		<severity>INFO</severity>
		<timestamp>Tue Apr 14 03:37:58 2026</timestamp>
		<arg name='module'>C:\Windows\System32\msvcrt.dll</arg>
	</msg>
	<msg id='103' display='false' source='trc'>
		<type>UNLOAD_MODULE</type>
		<severity>INFO</severity>
		<timestamp>Tue Apr 14 03:37:58 2026</timestamp>
		<arg name='module'>C:\Windows\System32\ADVAPI32.dll</arg>
	</msg>
	<msg id='104' display='false' source='trc'>
		<type>UNLOAD_MODULE</type>
		<severity>INFO</severity>
		<timestamp>Tue Apr 14 03:37:58 2026</timestamp>
		<arg name='module'>C:\Users\yojik\Desktop\project\N-Body-Simulation\project\build\glfw3.dll</arg>
	</msg>
	<msg id='105' display='false' source='trc'>
		<type>UNLOAD_MODULE</type>
		<severity>INFO</severity>
		<timestamp>Tue Apr 14 03:37:58 2026</timestamp>
		<arg name='module'>C:\Windows\System32\sechost.dll</arg>
	</msg>
	<msg id='106' display='false' source='trc'>
		<type>UNLOAD_MODULE</type>
		<severity>INFO</severity>
		<timestamp>Tue Apr 14 03:37:58 2026</timestamp>
		<arg name='module'>C:\Windows\System32\RPCRT4.dll</arg>
	</msg>
	<msg id='107' display='false' source='trc'>
		<type>UNLOAD_MODULE</type>
		<severity>INFO</severity>
		<timestamp>Tue Apr 14 03:37:58 2026</timestamp>
		<arg name='module'>C:\Windows\System32\bcrypt.dll</arg>
	</msg>
	<msg id='108' display='false' source='trc'>
		<type>UNLOAD_MODULE</type>
		<severity>INFO</severity>
		<timestamp>Tue Apr 14 03:37:58 2026</timestamp>
		<arg name='module'>C:\Windows\System32\USER32.dll</arg>
	</msg>
	<msg id='109' display='false' source='trc'>
		<type>UNLOAD_MODULE</type>
		<severity>INFO</severity>
		<timestamp>Tue Apr 14 03:37:58 2026</timestamp>
		<arg name='module'>C:\Windows\System32\win32u.dll</arg>
	</msg>
	<msg id='110' display='false' source='trc'>
		<type>UNLOAD_MODULE</type>
		<severity>INFO</severity>
		<timestamp>Tue Apr 14 03:37:58 2026</timestamp>
		<arg name='module'>C:\Windows\System32\GDI32.dll</arg>
	</msg>
	<msg id='111' display='false' source='trc'>
		<type>UNLOAD_MODULE</type>
		<severity>INFO</severity>
		<timestamp>Tue Apr 14 03:37:58 2026</timestamp>
		<arg name='module'>C:\Windows\SYSTEM32\MSVCP140.dll</arg>
	</msg>
	<msg id='112' display='false' source='trc'>
		<type>UNLOAD_MODULE</type>
		<severity>INFO</severity>
		<timestamp>Tue Apr 14 03:37:58 2026</timestamp>
		<arg name='module'>C:\Windows\SYSTEM32\VCRUNTIME140.dll</arg>
	</msg>
	<msg id='113' display='false' source='trc'>
		<type>UNLOAD_MODULE</type>
		<severity>INFO</severity>
		<timestamp>Tue Apr 14 03:37:58 2026</timestamp>
		<arg name='module'>C:\Windows\System32\combase.dll</arg>
	</msg>
	<msg id='114' display='false' source='trc'>
		<type>UNLOAD_MODULE</type>
		<severity>INFO</severity>
		<timestamp>Tue Apr 14 03:37:58 2026</timestamp>
		<arg name='module'>C:\Windows\System32\gdi32full.dll</arg>
	</msg>
	<msg id='115' display='false' source='trc'>
		<type>UNLOAD_MODULE</type>
		<severity>INFO</severity>
		<timestamp>Tue Apr 14 03:37:58 2026</timestamp>
		<arg name='module'>C:\Windows\SYSTEM32\VCRUNTIME140_1.dll</arg>
	</msg>
	<msg id='116' display='false' source='trc'>
		<type>UNLOAD_MODULE</type>
		<severity>INFO</severity>
		<timestamp>Tue Apr 14 03:37:58 2026</timestamp>
		<arg name='module'>C:\Windows\System32\msvcp_win.dll</arg>
	</msg>
	<msg id='117' display='false' source='trc'>
		<type>UNLOAD_MODULE</type>
		<severity>INFO</severity>
		<timestamp>Tue Apr 14 03:37:58 2026</timestamp>
		<arg name='module'>C:\Windows\System32\SHELL32.dll</arg>
	</msg>
	<msg id='118' display='false' source='trc'>
		<type>UNLOAD_MODULE</type>
		<severity>INFO</severity>
		<timestamp>Tue Apr 14 03:37:58 2026</timestamp>
		<arg name='module'>C:\Users\yojik\Desktop\project\N-Body-Simulation\project\build\hdf5.dll</arg>
	</msg>
	<msg id='119' display='false' source='trc'>
		<type>UNLOAD_MODULE</type>
		<severity>INFO</severity>
		<timestamp>Tue Apr 14 03:37:58 2026</timestamp>
		<arg name='module'>C:\Windows\System32\SHLWAPI.dll</arg>
	</msg>
	<msg id='120' display='false' source='trc'>
		<type>UNLOAD_MODULE</type>
		<severity>INFO</severity>
		<timestamp>Tue Apr 14 03:37:58 2026</timestamp>
		<arg name='module'>C:\Windows\SYSTEM32\GLU32.dll</arg>
	</msg>
	<msg id='121' display='false' source='trc'>
		<type>UNLOAD_MODULE</type>
		<severity>INFO</severity>
		<timestamp>Tue Apr 14 03:37:58 2026</timestamp>
		<arg name='module'>C:\Users\yojik\Desktop\project\N-Body-Simulation\project\build\zlib1.dll</arg>
	</msg>
	<msg id='122' display='false' source='trc'>
		<type>UNLOAD_MODULE</type>
		<severity>INFO</severity>
		<timestamp>Tue Apr 14 03:37:58 2026</timestamp>
		<arg name='module'>C:\Users\yojik\Desktop\project\N-Body-Simulation\project\build\szip.dll</arg>
	</msg>
	<msg id='123' display='false' source='trc'>
		<type>UNLOAD_MODULE</type>
		<severity>INFO</severity>
		<timestamp>Tue Apr 14 03:37:58 2026</timestamp>
		<arg name='module'>C:\Windows\System32\IMM32.DLL</arg>
	</msg>
	<msg id='124' display='false' source='trc'>
		<type>UNLOAD_MODULE</type>
		<severity>INFO</severity>
		<timestamp>Tue Apr 14 03:37:58 2026</timestamp>
		<arg name='module'>C:\Windows\SYSTEM32\dinput8.dll</arg>
	</msg>
	<msg id='125' display='false' source='trc'>
		<type>UNLOAD_MODULE</type>
		<severity>INFO</severity>
		<timestamp>Tue Apr 14 03:37:58 2026</timestamp>
		<arg name='module'>C:\Windows\SYSTEM32\xinput1_4.dll</arg>
	</msg>
	<msg id='126' display='false' source='trc'>
		<type>UNLOAD_MODULE</type>
		<severity>INFO</severity>
		<timestamp>Tue Apr 14 03:37:58 2026</timestamp>
		<arg name='module'>C:\Windows\System32\cfgmgr32.dll</arg>
	</msg>
	<msg id='127' display='false' source='trc'>
		<type>UNLOAD_MODULE</type>
		<severity>INFO</severity>
		<timestamp>Tue Apr 14 03:37:58 2026</timestamp>
		<arg name='module'>C:\Windows\SYSTEM32\DEVOBJ.dll</arg>
	</msg>
	<msg id='128' display='false' source='trc'>
		<type>UNLOAD_MODULE</type>
		<severity>INFO</severity>
		<timestamp>Tue Apr 14 03:37:58 2026</timestamp>
		<arg name='module'>C:\Windows\SYSTEM32\inputhost.dll</arg>
	</msg>
	<msg id='129' display='false' source='trc'>
		<type>UNLOAD_MODULE</type>
		<severity>INFO</severity>
		<timestamp>Tue Apr 14 03:37:58 2026</timestamp>
		<arg name='module'>C:\Windows\System32\shcore.dll</arg>
	</msg>
	<msg id='130' display='false' source='trc'>
		<type>UNLOAD_MODULE</type>
		<severity>INFO</severity>
		<timestamp>Tue Apr 14 03:37:58 2026</timestamp>
		<arg name='module'>C:\Windows\System32\OLEAUT32.dll</arg>
	</msg>
	<msg id='131' display='false' source='trc'>
		<type>UNLOAD_MODULE</type>
		<severity>INFO</severity>
		<timestamp>Tue Apr 14 03:37:58 2026</timestamp>
		<arg name='module'>C:\Windows\SYSTEM32\CoreMessaging.dll</arg>
	</msg>
	<msg id='132' display='false' source='trc'>
		<type>UNLOAD_MODULE</type>
		<severity>INFO</severity>
		<timestamp>Tue Apr 14 03:37:58 2026</timestamp>
		<arg name='module'>C:\Windows\SYSTEM32\PROPSYS.dll</arg>
	</msg>
	<msg id='133' display='false' source='trc'>
		<type>UNLOAD_MODULE</type>
		<severity>INFO</severity>
		<timestamp>Tue Apr 14 03:37:58 2026</timestamp>
		<arg name='module'>C:\Windows\System32\WS2_32.dll</arg>
	</msg>
	<msg id='134' display='false' source='trc'>
		<type>UNLOAD_MODULE</type>
		<severity>INFO</severity>
		<timestamp>Tue Apr 14 03:37:58 2026</timestamp>
		<arg name='module'>C:\Windows\SYSTEM32\wintypes.dll</arg>
	</msg>
	<msg id='135' display='false' source='trc'>
		<type>UNLOAD_MODULE</type>
		<severity>INFO</severity>
		<timestamp>Tue Apr 14 03:37:58 2026</timestamp>
		<arg name='module'>C:\Windows\SYSTEM32\CoreUIComponents.dll</arg>
	</msg>
	<msg id='136' display='false' source='trc'>
		<type>UNLOAD_MODULE</type>
		<severity>INFO</severity>
		<timestamp>Tue Apr 14 03:37:58 2026</timestamp>
		<arg name='module'>C:\Windows\System32\bcryptPrimitives.dll</arg>
	</msg>
	<msg id='137' display='false' source='trc'>
		<type>UNLOAD_MODULE</type>
		<severity>INFO</severity>
		<timestamp>Tue Apr 14 03:37:58 2026</timestamp>
		<arg name='module'>C:\Windows\SYSTEM32\ntmarta.dll</arg>
	</msg>
	<msg id='138' display='false' source='trc'>
		<type>UNLOAD_MODULE</type>
		<severity>INFO</severity>
		<timestamp>Tue Apr 14 03:37:58 2026</timestamp>
		<arg name='module'>C:\Windows\SYSTEM32\kernel.appcore.dll</arg>
	</msg>
	<msg id='139' display='false' source='trc'>
		<type>UNLOAD_MODULE</type>
		<severity>INFO</severity>
		<timestamp>Tue Apr 14 03:37:58 2026</timestamp>
		<arg name='module'>C:\Windows\SYSTEM32\dwmapi.dll</arg>
	</msg>
	<msg id='140' display='false' source='trc'>
		<type>UNLOAD_MODULE</type>
		<severity>INFO</severity>
		<timestamp>Tue Apr 14 03:37:58 2026</timestamp>
		<arg name='module'>C:\Windows\system32\uxtheme.dll</arg>
	</msg>
	<msg id='141' display='false' source='trc'>
		<type>UNLOAD_MODULE</type>
		<severity>INFO</severity>
		<timestamp>Tue Apr 14 03:37:58 2026</timestamp>
		<arg name='module'>C:\Windows\System32\MSCTF.dll</arg>
	</msg>
	<msg id='142' display='false' source='trc'>
		<type>UNLOAD_MODULE</type>
		<severity>INFO</severity>
		<timestamp>Tue Apr 14 03:37:58 2026</timestamp>
		<arg name='module'>C:\Windows\System32\clbcatq.dll</arg>
	</msg>
	<msg id='143' display='false' source='trc'>
		<type>UNLOAD_MODULE</type>
		<severity>INFO</severity>
		<timestamp>Tue Apr 14 03:37:58 2026</timestamp>
		<arg name='module'>C:\Windows\System32\DriverStore\FileRepository\nv_dispi.inf_amd64_7840b4313191ae17\nvoglv64.dll</arg>
	</msg>
	<msg id='144' display='false' source='trc'>
		<type>UNLOAD_MODULE</type>
		<severity>INFO</severity>
		<timestamp>Tue Apr 14 03:37:58 2026</timestamp>
		<arg name='module'>C:\Windows\System32\SETUPAPI.dll</arg>
	</msg>
	<msg id='145' display='false' source='trc'>
		<type>UNLOAD_MODULE</type>
		<severity>INFO</severity>
		<timestamp>Tue Apr 14 03:37:58 2026</timestamp>
		<arg name='module'>C:\Windows\System32\ole32.dll</arg>
	</msg>
	<msg id='146' display='false' source='trc'>
		<type>UNLOAD_MODULE</type>
		<severity>INFO</severity>
		<timestamp>Tue Apr 14 03:37:58 2026</timestamp>
		<arg name='module'>C:\Windows\SYSTEM32\WTSAPI32.dll</arg>
	</msg>
	<msg id='147' display='false' source='trc'>
		<type>UNLOAD_MODULE</type>
		<severity>INFO</severity>
		<timestamp>Tue Apr 14 03:37:58 2026</timestamp>
		<arg name='module'>C:\Windows\SYSTEM32\VERSION.dll</arg>
	</msg>
	<msg id='148' display='false' source='trc'>
		<type>UNLOAD_MODULE</type>
		<severity>INFO</severity>
		<timestamp>Tue Apr 14 03:37:58 2026</timestamp>
		<arg name='module'>C:\Windows\SYSTEM32\msasn1.dll</arg>
	</msg>
	<msg id='149' display='false' source='trc'>
		<type>UNLOAD_MODULE</type>
		<severity>INFO</severity>
		<timestamp>Tue Apr 14 03:37:58 2026</timestamp>
		<arg name='module'>C:\Windows\SYSTEM32\cryptnet.dll</arg>
	</msg>
	<msg id='150' display='false' source='trc'>
		<type>UNLOAD_MODULE</type>
		<severity>INFO</severity>
		<timestamp>Tue Apr 14 03:37:58 2026</timestamp>
		<arg name='module'>C:\Windows\System32\CRYPT32.dll</arg>
	</msg>
	<msg id='151' display='false' source='trc'>
		<type>UNLOAD_MODULE</type>
		<severity>INFO</severity>
		<timestamp>Tue Apr 14 03:37:58 2026</timestamp>
		<arg name='module'>C:\Windows\SYSTEM32\cryptbase.dll</arg>
	</msg>
	<msg id='152' display='false' source='trc'>
		<type>UNLOAD_MODULE</type>
		<severity>INFO</severity>
		<timestamp>Tue Apr 14 03:37:58 2026</timestamp>
		<arg name='module'>C:\Windows\SYSTEM32\wldp.dll</arg>
	</msg>
	<msg id='153' display='false' source='trc'>
		<type>UNLOAD_MODULE</type>
		<severity>INFO</severity>
		<timestamp>Tue Apr 14 03:37:58 2026</timestamp>
		<arg name='module'>C:\Windows\SYSTEM32\drvstore.dll</arg>
	</msg>
	<msg id='154' display='false' source='trc'>
		<type>UNLOAD_MODULE</type>
		<severity>INFO</severity>
		<timestamp>Tue Apr 14 03:37:58 2026</timestamp>
		<arg name='module'>C:\Windows\System32\WINTRUST.dll</arg>
	</msg>
	<msg id='155' display='false' source='trc'>
		<type>UNLOAD_MODULE</type>
		<severity>INFO</severity>
		<timestamp>Tue Apr 14 03:37:58 2026</timestamp>
		<arg name='module'>C:\Windows\System32\imagehlp.dll</arg>
	</msg>
	<msg id='156' display='false' source='trc'>
		<type>UNLOAD_MODULE</type>
		<severity>INFO</severity>
		<timestamp>Tue Apr 14 03:37:58 2026</timestamp>
		<arg name='module'>C:\Windows\SYSTEM32\CRYPTSP.dll</arg>
	</msg>
	<msg id='157' display='false' source='trc'>
		<type>UNLOAD_MODULE</type>
		<severity>INFO</severity>
		<timestamp>Tue Apr 14 03:37:58 2026</timestamp>
		<arg name='module'>C:\Windows\system32\rsaenh.dll</arg>
	</msg>
	<msg id='158' display='false' source='trc'>
		<type>UNLOAD_MODULE</type>
		<severity>INFO</severity>
		<timestamp>Tue Apr 14 03:37:58 2026</timestamp>
		<arg name='module'>C:\Windows\System32\DriverStore\FileRepository\nv_dispi.inf_amd64_7840b4313191ae17\nvgpucomp64.dll</arg>
	</msg>
	<msg id='159' display='false' source='trc'>
		<type>UNLOAD_MODULE</type>
		<severity>INFO</severity>
		<timestamp>Tue Apr 14 03:37:58 2026</timestamp>
		<arg name='module'>C:\Windows\SYSTEM32\windows.storage.dll</arg>
	</msg>
	<msg id='160' display='false' source='trc'>
		<type>UNLOAD_MODULE</type>
		<severity>INFO</severity>
		<timestamp>Tue Apr 14 03:37:58 2026</timestamp>
		<arg name='module'>C:\Windows\SYSTEM32\dxcore.dll</arg>
	</msg>
	<msg id='161' display='false' source='trc'>
		<type>UNLOAD_MODULE</type>
		<severity>INFO</severity>
		<timestamp>Tue Apr 14 03:37:58 2026</timestamp>
		<arg name='module'>C:\Windows\system32\nvspcap64.dll</arg>
	</msg>
	<msg id='162' display='false' source='trc'>
		<type>UNLOAD_MODULE</type>
		<severity>INFO</severity>
		<timestamp>Tue Apr 14 03:37:58 2026</timestamp>
		<arg name='module'>C:\Windows\SYSTEM32\profapi.dll</arg>
	</msg>
	<msg id='163' display='false' source='trc'>
		<type>UNLOAD_MODULE</type>
		<severity>INFO</severity>
		<timestamp>Tue Apr 14 03:37:58 2026</timestamp>
		<arg name='module'>C:\Windows\SYSTEM32\powrprof.dll</arg>
	</msg>
	<msg id='164' display='false' source='trc'>
		<type>UNLOAD_MODULE</type>
		<severity>INFO</severity>
		<timestamp>Tue Apr 14 03:37:58 2026</timestamp>
		<arg name='module'>C:\Windows\SYSTEM32\UMPDC.dll</arg>
	</msg>
	<msg id='165' display='false' source='trc'>
		<type>UNLOAD_MODULE</type>
		<severity>INFO</severity>
		<timestamp>Tue Apr 14 03:37:58 2026</timestamp>
		<arg name='module'>C:\Windows\SYSTEM32\WINSTA.dll</arg>
	</msg>
	<msg id='166' display='false' source='trc'>
		<type>UNLOAD_MODULE</type>
		<severity>INFO</severity>
		<timestamp>Tue Apr 14 03:37:58 2026</timestamp>
		<arg name='module'>C:\Windows\SYSTEM32\textinputframework.dll</arg>
	</msg>
	<msg id='167' display='false' source='trc'>
		<type>PROCESS_FINISH</type>
		<severity>INFO</severity>
		<timestamp>Tue Apr 14 03:37:58 2026</timestamp>
		<arg name='process'>C:\Users\yojik\Desktop\project\N-Body-Simulation\project\build\Simulate.exe</arg>
		<arg name='pid'>21612</arg>
		<arg name='exitcode'>0x0</arg>
	</msg>
	<!-- Application exited with code 0 -->
</log>